2024-01-08 17:27:56,695 INFO notifyConnectTimeout:100

2024-01-08 17:27:56,699 INFO notifySocketTimeout:200

2024-01-08 17:27:56,701 INFO isHealthCheck:true

2024-01-08 17:27:56,702 INFO maxHealthCheckFailCount:12

2024-01-08 17:27:56,703 INFO maxContent:10485760

2024-01-08 17:28:08,105 INFO notifyConnectTimeout:100

2024-01-08 17:28:08,124 INFO notifySocketTimeout:200

2024-01-08 17:28:08,125 INFO isHealthCheck:true

2024-01-08 17:28:08,126 INFO maxHealthCheckFailCount:12

2024-01-08 17:28:08,129 INFO maxContent:10485760

2024-01-08 17:28:19,796 INFO notifyConnectTimeout:100

2024-01-08 17:28:19,803 INFO notifySocketTimeout:200

2024-01-08 17:28:19,804 INFO isHealthCheck:true

2024-01-08 17:28:19,805 INFO maxHealthCheckFailCount:12

2024-01-08 17:28:19,806 INFO maxContent:10485760

2024-01-08 17:28:29,627 INFO notifyConnectTimeout:100

2024-01-08 17:28:29,630 INFO notifySocketTimeout:200

2024-01-08 17:28:29,631 INFO isHealthCheck:true

2024-01-08 17:28:29,632 INFO maxHealthCheckFailCount:12

2024-01-08 17:28:29,633 INFO maxContent:10485760

2024-01-08 17:28:39,319 INFO notifyConnectTimeout:100

2024-01-08 17:28:39,324 INFO notifySocketTimeout:200

2024-01-08 17:28:39,339 INFO isHealthCheck:true

2024-01-08 17:28:39,340 INFO maxHealthCheckFailCount:12

2024-01-08 17:28:39,342 INFO maxContent:10485760

2024-01-08 17:28:49,228 INFO notifyConnectTimeout:100

2024-01-08 17:28:49,241 INFO notifySocketTimeout:200

2024-01-08 17:28:49,243 INFO isHealthCheck:true

2024-01-08 17:28:49,244 INFO maxHealthCheckFailCount:12

2024-01-08 17:28:49,244 INFO maxContent:10485760

2024-01-08 17:28:59,502 INFO notifyConnectTimeout:100

2024-01-08 17:28:59,505 INFO notifySocketTimeout:200

2024-01-08 17:28:59,506 INFO isHealthCheck:true

2024-01-08 17:28:59,507 INFO maxHealthCheckFailCount:12

2024-01-08 17:28:59,508 INFO maxContent:10485760

2024-01-08 17:29:10,485 INFO notifyConnectTimeout:100

2024-01-08 17:29:10,489 INFO notifySocketTimeout:200

2024-01-08 17:29:10,490 INFO isHealthCheck:true

2024-01-08 17:29:10,490 INFO maxHealthCheckFailCount:12

2024-01-08 17:29:10,491 INFO maxContent:10485760

2024-01-08 17:29:23,387 INFO notifyConnectTimeout:100

2024-01-08 17:29:23,411 INFO notifySocketTimeout:200

2024-01-08 17:29:23,412 INFO isHealthCheck:true

2024-01-08 17:29:23,414 INFO maxHealthCheckFailCount:12

2024-01-08 17:29:23,415 INFO maxContent:10485760

2024-01-08 17:29:39,281 INFO notifyConnectTimeout:100

2024-01-08 17:29:39,286 INFO notifySocketTimeout:200

2024-01-08 17:29:39,287 INFO isHealthCheck:true

2024-01-08 17:29:39,288 INFO maxHealthCheckFailCount:12

2024-01-08 17:29:39,289 INFO maxContent:10485760

2024-01-08 17:30:01,548 INFO notifyConnectTimeout:100

2024-01-08 17:30:01,552 INFO notifySocketTimeout:200

2024-01-08 17:30:01,553 INFO isHealthCheck:true

2024-01-08 17:30:01,554 INFO maxHealthCheckFailCount:12

2024-01-08 17:30:01,555 INFO maxContent:10485760

2024-01-08 17:30:36,535 INFO notifyConnectTimeout:100

2024-01-08 17:30:36,551 INFO notifySocketTimeout:200

2024-01-08 17:30:36,553 INFO isHealthCheck:true

2024-01-08 17:30:36,554 INFO maxHealthCheckFailCount:12

2024-01-08 17:30:36,556 INFO maxContent:10485760

2024-01-08 17:34:38,166 INFO notifyConnectTimeout:100

2024-01-08 17:34:38,171 INFO notifySocketTimeout:200

2024-01-08 17:34:38,172 INFO isHealthCheck:true

2024-01-08 17:34:38,172 INFO maxHealthCheckFailCount:12

2024-01-08 17:34:38,173 INFO maxContent:10485760

2024-01-08 17:34:47,914 INFO notifyConnectTimeout:100

2024-01-08 17:34:47,918 INFO notifySocketTimeout:200

2024-01-08 17:34:47,919 INFO isHealthCheck:true

2024-01-08 17:34:47,920 INFO maxHealthCheckFailCount:12

2024-01-08 17:34:47,921 INFO maxContent:10485760

2024-01-08 17:34:57,633 INFO notifyConnectTimeout:100

2024-01-08 17:34:57,636 INFO notifySocketTimeout:200

2024-01-08 17:34:57,637 INFO isHealthCheck:true

2024-01-08 17:34:57,638 INFO maxHealthCheckFailCount:12

2024-01-08 17:34:57,639 INFO maxContent:10485760

2024-01-08 17:35:07,536 INFO notifyConnectTimeout:100

2024-01-08 17:35:07,538 INFO notifySocketTimeout:200

2024-01-08 17:35:07,538 INFO isHealthCheck:true

2024-01-08 17:35:07,539 INFO maxHealthCheckFailCount:12

2024-01-08 17:35:07,539 INFO maxContent:10485760

2024-01-08 17:35:17,630 INFO notifyConnectTimeout:100

2024-01-08 17:35:17,633 INFO notifySocketTimeout:200

2024-01-08 17:35:17,634 INFO isHealthCheck:true

2024-01-08 17:35:17,634 INFO maxHealthCheckFailCount:12

2024-01-08 17:35:17,635 INFO maxContent:10485760

2024-01-08 17:35:28,740 INFO notifyConnectTimeout:100

2024-01-08 17:35:28,745 INFO notifySocketTimeout:200

2024-01-08 17:35:28,746 INFO isHealthCheck:true

2024-01-08 17:35:28,748 INFO maxHealthCheckFailCount:12

2024-01-08 17:35:28,749 INFO maxContent:10485760

2024-01-08 17:35:41,681 INFO notifyConnectTimeout:100

2024-01-08 17:35:41,690 INFO notifySocketTimeout:200

2024-01-08 17:35:41,691 INFO isHealthCheck:true

2024-01-08 17:35:41,692 INFO maxHealthCheckFailCount:12

2024-01-08 17:35:41,693 INFO maxContent:10485760

2024-01-08 17:38:31,476 INFO notifyConnectTimeout:100

2024-01-08 17:38:31,484 INFO notifySocketTimeout:200

2024-01-08 17:38:31,485 INFO isHealthCheck:true

2024-01-08 17:38:31,486 INFO maxHealthCheckFailCount:12

2024-01-08 17:38:31,487 INFO maxContent:10485760

2024-01-08 17:38:41,382 INFO notifyConnectTimeout:100

2024-01-08 17:38:41,402 INFO notifySocketTimeout:200

2024-01-08 17:38:41,403 INFO isHealthCheck:true

2024-01-08 17:38:41,404 INFO maxHealthCheckFailCount:12

2024-01-08 17:38:41,405 INFO maxContent:10485760

2024-01-08 17:38:51,344 INFO notifyConnectTimeout:100

2024-01-08 17:38:51,349 INFO notifySocketTimeout:200

2024-01-08 17:38:51,350 INFO isHealthCheck:true

2024-01-08 17:38:51,351 INFO maxHealthCheckFailCount:12

2024-01-08 17:38:51,352 INFO maxContent:10485760

2024-01-08 17:41:36,831 INFO notifyConnectTimeout:100

2024-01-08 17:41:36,834 INFO notifySocketTimeout:200

2024-01-08 17:41:36,834 INFO isHealthCheck:true

2024-01-08 17:41:36,834 INFO maxHealthCheckFailCount:12

2024-01-08 17:41:36,834 INFO maxContent:10485760

2024-01-08 17:41:46,647 INFO notifyConnectTimeout:100

2024-01-08 17:41:46,651 INFO notifySocketTimeout:200

2024-01-08 17:41:46,652 INFO isHealthCheck:true

2024-01-08 17:41:46,667 INFO maxHealthCheckFailCount:12

2024-01-08 17:41:46,668 INFO maxContent:10485760

2024-01-08 17:41:56,652 INFO notifyConnectTimeout:100

2024-01-08 17:41:56,655 INFO notifySocketTimeout:200

2024-01-08 17:41:56,655 INFO isHealthCheck:true

2024-01-08 17:41:56,655 INFO maxHealthCheckFailCount:12

2024-01-08 17:41:56,656 INFO maxContent:10485760

2024-01-08 17:42:06,495 INFO notifyConnectTimeout:100

2024-01-08 17:42:06,501 INFO notifySocketTimeout:200

2024-01-08 17:42:06,502 INFO isHealthCheck:true

2024-01-08 17:42:06,503 INFO maxHealthCheckFailCount:12

2024-01-08 17:42:06,504 INFO maxContent:10485760

2024-01-08 17:54:10,310 INFO notifyConnectTimeout:100

2024-01-08 17:54:10,312 INFO notifySocketTimeout:200

2024-01-08 17:54:10,313 INFO isHealthCheck:true

2024-01-08 17:54:10,313 INFO maxHealthCheckFailCount:12

2024-01-08 17:54:10,313 INFO maxContent:10485760

2024-01-08 17:54:20,101 INFO notifyConnectTimeout:100

2024-01-08 17:54:20,105 INFO notifySocketTimeout:200

2024-01-08 17:54:20,106 INFO isHealthCheck:true

2024-01-08 17:54:20,107 INFO maxHealthCheckFailCount:12

2024-01-08 17:54:20,107 INFO maxContent:10485760

2024-01-08 17:54:29,883 INFO notifyConnectTimeout:100

2024-01-08 17:54:29,887 INFO notifySocketTimeout:200

2024-01-08 17:54:29,888 INFO isHealthCheck:true

2024-01-08 17:54:29,901 INFO maxHealthCheckFailCount:12

2024-01-08 17:54:29,902 INFO maxContent:10485760

2024-01-08 17:54:39,921 INFO notifyConnectTimeout:100

2024-01-08 17:54:39,925 INFO notifySocketTimeout:200

2024-01-08 17:54:39,925 INFO isHealthCheck:true

2024-01-08 17:54:39,926 INFO maxHealthCheckFailCount:12

2024-01-08 17:54:39,927 INFO maxContent:10485760

2024-01-08 17:54:50,264 INFO notifyConnectTimeout:100

2024-01-08 17:54:50,286 INFO notifySocketTimeout:200

2024-01-08 17:54:50,287 INFO isHealthCheck:true

2024-01-08 17:54:50,288 INFO maxHealthCheckFailCount:12

2024-01-08 17:54:50,289 INFO maxContent:10485760

2024-01-08 17:55:01,706 INFO notifyConnectTimeout:100

2024-01-08 17:55:01,710 INFO notifySocketTimeout:200

2024-01-08 17:55:01,711 INFO isHealthCheck:true

2024-01-08 17:55:01,712 INFO maxHealthCheckFailCount:12

2024-01-08 17:55:01,712 INFO maxContent:10485760

2024-01-08 18:10:04,310 INFO notifyConnectTimeout:100

2024-01-08 18:10:04,314 INFO notifySocketTimeout:200

2024-01-08 18:10:04,316 INFO isHealthCheck:true

2024-01-08 18:10:04,317 INFO maxHealthCheckFailCount:12

2024-01-08 18:10:04,318 INFO maxContent:10485760

2024-01-08 18:10:14,077 INFO notifyConnectTimeout:100

2024-01-08 18:10:14,081 INFO notifySocketTimeout:200

2024-01-08 18:10:14,082 INFO isHealthCheck:true

2024-01-08 18:10:14,083 INFO maxHealthCheckFailCount:12

2024-01-08 18:10:14,084 INFO maxContent:10485760

2024-01-08 18:10:24,087 INFO notifyConnectTimeout:100

2024-01-08 18:10:24,091 INFO notifySocketTimeout:200

2024-01-08 18:10:24,092 INFO isHealthCheck:true

2024-01-08 18:10:24,093 INFO maxHealthCheckFailCount:12

2024-01-08 18:10:24,093 INFO maxContent:10485760

2024-01-08 18:10:34,088 INFO notifyConnectTimeout:100

2024-01-08 18:10:34,092 INFO notifySocketTimeout:200

2024-01-08 18:10:34,093 INFO isHealthCheck:true

2024-01-08 18:10:34,094 INFO maxHealthCheckFailCount:12

2024-01-08 18:10:34,095 INFO maxContent:10485760

2024-01-08 18:10:44,521 INFO notifyConnectTimeout:100

2024-01-08 18:10:44,527 INFO notifySocketTimeout:200

2024-01-08 18:10:44,527 INFO isHealthCheck:true

2024-01-08 18:10:44,528 INFO maxHealthCheckFailCount:12

2024-01-08 18:10:44,529 INFO maxContent:10485760

2024-01-08 18:10:55,683 INFO notifyConnectTimeout:100

2024-01-08 18:10:55,689 INFO notifySocketTimeout:200

2024-01-08 18:10:55,690 INFO isHealthCheck:true

2024-01-08 18:10:55,691 INFO maxHealthCheckFailCount:12

2024-01-08 18:10:55,692 INFO maxContent:10485760

2024-01-08 18:11:08,507 INFO notifyConnectTimeout:100

2024-01-08 18:11:08,514 INFO notifySocketTimeout:200

2024-01-08 18:11:08,515 INFO isHealthCheck:true

2024-01-08 18:11:08,516 INFO maxHealthCheckFailCount:12

2024-01-08 18:11:08,516 INFO maxContent:10485760

2024-01-08 18:11:24,558 INFO notifyConnectTimeout:100

2024-01-08 18:11:24,562 INFO notifySocketTimeout:200

2024-01-08 18:11:24,564 INFO isHealthCheck:true

2024-01-08 18:11:24,565 INFO maxHealthCheckFailCount:12

2024-01-08 18:11:24,566 INFO maxContent:10485760

2024-01-08 18:11:46,936 INFO notifyConnectTimeout:100

2024-01-08 18:11:46,940 INFO notifySocketTimeout:200

2024-01-08 18:11:46,942 INFO isHealthCheck:true

2024-01-08 18:11:46,942 INFO maxHealthCheckFailCount:12

2024-01-08 18:11:46,943 INFO maxContent:10485760

2024-01-08 18:12:21,976 INFO notifyConnectTimeout:100

2024-01-08 18:12:21,982 INFO notifySocketTimeout:200

2024-01-08 18:12:21,983 INFO isHealthCheck:true

2024-01-08 18:12:21,984 INFO maxHealthCheckFailCount:12

2024-01-08 18:12:21,985 INFO maxContent:10485760

2024-01-08 18:13:22,746 INFO notifyConnectTimeout:100

2024-01-08 18:13:22,765 INFO notifySocketTimeout:200

2024-01-08 18:13:22,767 INFO isHealthCheck:true

2024-01-08 18:13:22,768 INFO maxHealthCheckFailCount:12

2024-01-08 18:13:22,770 INFO maxContent:10485760

2024-01-08 18:14:32,280 INFO notifyConnectTimeout:100

2024-01-08 18:14:32,286 INFO notifySocketTimeout:200

2024-01-08 18:14:32,288 INFO isHealthCheck:true

2024-01-08 18:14:32,288 INFO maxHealthCheckFailCount:12

2024-01-08 18:14:32,289 INFO maxContent:10485760

2024-01-08 18:15:41,797 INFO notifyConnectTimeout:100

2024-01-08 18:15:41,801 INFO notifySocketTimeout:200

2024-01-08 18:15:41,802 INFO isHealthCheck:true

2024-01-08 18:15:41,803 INFO maxHealthCheckFailCount:12

2024-01-08 18:15:41,804 INFO maxContent:10485760

2024-01-08 18:16:51,225 INFO notifyConnectTimeout:100

2024-01-08 18:16:51,233 INFO notifySocketTimeout:200

2024-01-08 18:16:51,235 INFO isHealthCheck:true

2024-01-08 18:16:51,235 INFO maxHealthCheckFailCount:12

2024-01-08 18:16:51,236 INFO maxContent:10485760

2024-01-08 18:17:35,695 INFO notifyConnectTimeout:100

2024-01-08 18:17:35,714 INFO notifySocketTimeout:200

2024-01-08 18:17:35,715 INFO isHealthCheck:true

2024-01-08 18:17:35,716 INFO maxHealthCheckFailCount:12

2024-01-08 18:17:35,717 INFO maxContent:10485760

2024-01-08 18:17:45,439 INFO notifyConnectTimeout:100

2024-01-08 18:17:45,443 INFO notifySocketTimeout:200

2024-01-08 18:17:45,443 INFO isHealthCheck:true

2024-01-08 18:17:45,444 INFO maxHealthCheckFailCount:12

2024-01-08 18:17:45,445 INFO maxContent:10485760

2024-01-08 18:17:55,232 INFO notifyConnectTimeout:100

2024-01-08 18:17:55,237 INFO notifySocketTimeout:200

2024-01-08 18:17:55,238 INFO isHealthCheck:true

2024-01-08 18:17:55,250 INFO maxHealthCheckFailCount:12

2024-01-08 18:17:55,252 INFO maxContent:10485760

2024-01-08 18:18:05,118 INFO notifyConnectTimeout:100

2024-01-08 18:18:05,122 INFO notifySocketTimeout:200

2024-01-08 18:18:05,123 INFO isHealthCheck:true

2024-01-08 18:18:05,124 INFO maxHealthCheckFailCount:12

2024-01-08 18:18:05,124 INFO maxContent:10485760

2024-01-08 18:18:15,275 INFO notifyConnectTimeout:100

2024-01-08 18:18:15,280 INFO notifySocketTimeout:200

2024-01-08 18:18:15,281 INFO isHealthCheck:true

2024-01-08 18:18:15,282 INFO maxHealthCheckFailCount:12

2024-01-08 18:18:15,282 INFO maxContent:10485760

2024-01-08 18:18:26,378 INFO notifyConnectTimeout:100

2024-01-08 18:18:26,383 INFO notifySocketTimeout:200

2024-01-08 18:18:26,384 INFO isHealthCheck:true

2024-01-08 18:18:26,385 INFO maxHealthCheckFailCount:12

2024-01-08 18:18:26,385 INFO maxContent:10485760

2024-01-08 18:18:39,040 INFO notifyConnectTimeout:100

2024-01-08 18:18:39,045 INFO notifySocketTimeout:200

2024-01-08 18:18:39,046 INFO isHealthCheck:true

2024-01-08 18:18:39,047 INFO maxHealthCheckFailCount:12

2024-01-08 18:18:39,048 INFO maxContent:10485760

2024-01-08 18:18:54,829 INFO notifyConnectTimeout:100

2024-01-08 18:18:54,852 INFO notifySocketTimeout:200

2024-01-08 18:18:54,853 INFO isHealthCheck:true

2024-01-08 18:18:54,853 INFO maxHealthCheckFailCount:12

2024-01-08 18:18:54,854 INFO maxContent:10485760

2024-01-08 18:19:17,172 INFO notifyConnectTimeout:100

2024-01-08 18:19:17,196 INFO notifySocketTimeout:200

2024-01-08 18:19:17,197 INFO isHealthCheck:true

2024-01-08 18:19:17,199 INFO maxHealthCheckFailCount:12

2024-01-08 18:19:17,200 INFO maxContent:10485760

2024-01-08 18:19:52,444 INFO notifyConnectTimeout:100

2024-01-08 18:19:52,447 INFO notifySocketTimeout:200

2024-01-08 18:19:52,448 INFO isHealthCheck:true

2024-01-08 18:19:52,449 INFO maxHealthCheckFailCount:12

2024-01-08 18:19:52,450 INFO maxContent:10485760

2024-01-08 18:20:53,157 INFO notifyConnectTimeout:100

2024-01-08 18:20:53,161 INFO notifySocketTimeout:200

2024-01-08 18:20:53,162 INFO isHealthCheck:true

2024-01-08 18:20:53,163 INFO maxHealthCheckFailCount:12

2024-01-08 18:20:53,164 INFO maxContent:10485760

2024-01-08 18:22:23,936 INFO notifyConnectTimeout:100

2024-01-08 18:22:23,940 INFO notifySocketTimeout:200

2024-01-08 18:22:23,942 INFO isHealthCheck:true

2024-01-08 18:22:23,943 INFO maxHealthCheckFailCount:12

2024-01-08 18:22:23,944 INFO maxContent:10485760

2024-01-08 18:22:34,351 INFO notifyConnectTimeout:100

2024-01-08 18:22:34,355 INFO notifySocketTimeout:200

2024-01-08 18:22:34,356 INFO isHealthCheck:true

2024-01-08 18:22:34,357 INFO maxHealthCheckFailCount:12

2024-01-08 18:22:34,358 INFO maxContent:10485760

2024-01-08 18:22:44,051 INFO notifyConnectTimeout:100

2024-01-08 18:22:44,055 INFO notifySocketTimeout:200

2024-01-08 18:22:44,056 INFO isHealthCheck:true

2024-01-08 18:22:44,057 INFO maxHealthCheckFailCount:12

2024-01-08 18:22:44,058 INFO maxContent:10485760

2024-01-08 18:22:53,838 INFO notifyConnectTimeout:100

2024-01-08 18:22:53,842 INFO notifySocketTimeout:200

2024-01-08 18:22:53,843 INFO isHealthCheck:true

2024-01-08 18:22:53,844 INFO maxHealthCheckFailCount:12

2024-01-08 18:22:53,844 INFO maxContent:10485760

2024-01-08 18:23:03,910 INFO notifyConnectTimeout:100

2024-01-08 18:23:03,932 INFO notifySocketTimeout:200

2024-01-08 18:23:03,933 INFO isHealthCheck:true

2024-01-08 18:23:03,933 INFO maxHealthCheckFailCount:12

2024-01-08 18:23:03,934 INFO maxContent:10485760

2024-01-08 18:23:15,144 INFO notifyConnectTimeout:100

2024-01-08 18:23:15,152 INFO notifySocketTimeout:200

2024-01-08 18:23:15,154 INFO isHealthCheck:true

2024-01-08 18:23:15,154 INFO maxHealthCheckFailCount:12

2024-01-08 18:23:15,156 INFO maxContent:10485760

2024-01-08 18:23:28,276 INFO notifyConnectTimeout:100

2024-01-08 18:23:28,280 INFO notifySocketTimeout:200

2024-01-08 18:23:28,281 INFO isHealthCheck:true

2024-01-08 18:23:28,281 INFO maxHealthCheckFailCount:12

2024-01-08 18:23:28,282 INFO maxContent:10485760

2024-01-08 18:23:44,173 INFO notifyConnectTimeout:100

2024-01-08 18:23:44,177 INFO notifySocketTimeout:200

2024-01-08 18:23:44,179 INFO isHealthCheck:true

2024-01-08 18:23:44,180 INFO maxHealthCheckFailCount:12

2024-01-08 18:23:44,194 INFO maxContent:10485760

2024-01-08 18:34:57,954 INFO notifyConnectTimeout:100

2024-01-08 18:34:57,958 INFO notifySocketTimeout:200

2024-01-08 18:34:57,959 INFO isHealthCheck:true

2024-01-08 18:34:57,960 INFO maxHealthCheckFailCount:12

2024-01-08 18:34:57,961 INFO maxContent:10485760

2024-01-08 18:35:08,307 INFO notifyConnectTimeout:100

2024-01-08 18:35:08,313 INFO notifySocketTimeout:200

2024-01-08 18:35:08,315 INFO isHealthCheck:true

2024-01-08 18:35:08,315 INFO maxHealthCheckFailCount:12

2024-01-08 18:35:08,316 INFO maxContent:10485760

2024-01-08 18:35:18,196 INFO notifyConnectTimeout:100

2024-01-08 18:35:18,200 INFO notifySocketTimeout:200

2024-01-08 18:35:18,201 INFO isHealthCheck:true

2024-01-08 18:35:18,202 INFO maxHealthCheckFailCount:12

2024-01-08 18:35:18,203 INFO maxContent:10485760

2024-01-08 18:35:28,291 INFO notifyConnectTimeout:100

2024-01-08 18:35:28,293 INFO notifySocketTimeout:200

2024-01-08 18:35:28,294 INFO isHealthCheck:true

2024-01-08 18:35:28,294 INFO maxHealthCheckFailCount:12

2024-01-08 18:35:28,294 INFO maxContent:10485760

2024-01-08 18:37:27,300 INFO notifyConnectTimeout:100

2024-01-08 18:37:27,305 INFO notifySocketTimeout:200

2024-01-08 18:37:27,306 INFO isHealthCheck:true

2024-01-08 18:37:27,307 INFO maxHealthCheckFailCount:12

2024-01-08 18:37:27,308 INFO maxContent:10485760

2024-01-08 18:37:33,011 WARN DumpService start

2024-01-08 18:37:33,012 INFO start clear all config-info.

2024-01-08 18:37:33,013 WARN clear all config-info failed.

2024-01-08 18:37:33,014 WARN clear all config-info-tenant failed.

2024-01-08 18:37:33,034 INFO start clear all config-info-beta.

2024-01-08 18:37:33,034 WARN clear all config-info-beta failed.

2024-01-08 18:37:33,034 WARN clear all config-info-beta-tenant failed.

2024-01-08 18:37:33,037 INFO start clear all config-info-tag.

2024-01-08 18:37:33,037 WARN clear all config-info-tag failed.

2024-01-08 18:37:33,037 WARN clear all config-info-tag-tenant failed.

2024-01-08 18:38:02,123 INFO notifyConnectTimeout:100

2024-01-08 18:38:02,128 INFO notifySocketTimeout:200

2024-01-08 18:38:02,129 INFO isHealthCheck:true

2024-01-08 18:38:02,129 INFO maxHealthCheckFailCount:12

2024-01-08 18:38:02,130 INFO maxContent:10485760

2024-01-08 18:38:05,506 WARN DumpService start

2024-01-08 18:38:05,508 INFO start clear all config-info.

2024-01-08 18:38:05,509 WARN clear all config-info failed.

2024-01-08 18:38:05,510 WARN clear all config-info-tenant failed.

2024-01-08 18:38:05,531 INFO start clear all config-info-beta.

2024-01-08 18:38:05,531 WARN clear all config-info-beta failed.

2024-01-08 18:38:05,532 WARN clear all config-info-beta-tenant failed.

2024-01-08 18:38:05,533 INFO start clear all config-info-tag.

2024-01-08 18:38:05,534 WARN clear all config-info-tag failed.

2024-01-08 18:38:05,534 WARN clear all config-info-tag-tenant failed.

