2024-01-08 18:37:32,891 INFO [long-pulling] client count 0

2024-01-08 18:38:05,405 INFO [long-pulling] client count 0

2024-01-08 18:38:15,411 INFO [long-pulling] client count 0

2024-01-08 18:38:15,570 INFO toNotifyTaskSize = 0

2024-01-08 18:38:15,570 INFO toClientNotifyTaskSize = 0

2024-01-08 18:38:15,571 INFO groupCount = 0, subscriberClientCount = 0, subscriberCount = 0

2024-01-08 18:38:25,412 INFO [long-pulling] client count 0

2024-01-08 18:38:25,571 INFO toNotifyTaskSize = 0

2024-01-08 18:38:25,571 INFO toClientNotifyTaskSize = 0

2024-01-08 18:38:25,572 INFO groupCount = 0, subscriberClientCount = 0, subscriberCount = 0

2024-01-08 18:38:35,413 INFO [long-pulling] client count 0

2024-01-08 18:38:35,572 INFO toNotifyTaskSize = 0

2024-01-08 18:38:35,572 INFO toClientNotifyTaskSize = 0

2024-01-08 18:38:35,572 INFO groupCount = 0, subscriberClientCount = 0, subscriberCount = 0

2024-01-08 18:38:45,414 INFO [long-pulling] client count 0

2024-01-08 18:38:45,573 INFO toNotifyTaskSize = 0

2024-01-08 18:38:45,573 INFO groupCount = 0, subscriberClientCount = 0, subscriberCount = 0

2024-01-08 18:38:45,573 INFO toClientNotifyTaskSize = 0

2024-01-08 18:38:55,414 INFO [long-pulling] client count 0

2024-01-08 18:38:55,574 INFO groupCount = 0, subscriberClientCount = 0, subscriberCount = 0

2024-01-08 18:38:55,574 INFO toNotifyTaskSize = 0

2024-01-08 18:38:55,575 INFO toClientNotifyTaskSize = 0

2024-01-08 18:39:05,416 INFO [long-pulling] client count 0

2024-01-08 18:39:05,575 INFO groupCount = 0, subscriberClientCount = 0, subscriberCount = 0

2024-01-08 18:39:05,576 INFO toNotifyTaskSize = 0

2024-01-08 18:39:05,576 INFO toClientNotifyTaskSize = 0

2024-01-08 18:39:15,416 INFO [long-pulling] client count 0

2024-01-08 18:39:15,576 INFO groupCount = 0, subscriberClientCount = 0, subscriberCount = 0

2024-01-08 18:39:15,577 INFO toNotifyTaskSize = 0

2024-01-08 18:39:15,577 INFO toClientNotifyTaskSize = 0

2024-01-08 18:39:25,417 INFO [long-pulling] client count 0

2024-01-08 18:39:25,576 INFO groupCount = 0, subscriberClientCount = 0, subscriberCount = 0

2024-01-08 18:39:25,578 INFO toNotifyTaskSize = 0

2024-01-08 18:39:25,579 INFO toClientNotifyTaskSize = 0

2024-01-08 18:39:35,420 INFO [long-pulling] client count 0

2024-01-08 18:39:35,578 INFO groupCount = 0, subscriberClientCount = 0, subscriberCount = 0

2024-01-08 18:39:35,580 INFO toNotifyTaskSize = 0

2024-01-08 18:39:35,580 INFO toClientNotifyTaskSize = 0

2024-01-08 18:39:45,421 INFO [long-pulling] client count 0

2024-01-08 18:39:45,579 INFO groupCount = 0, subscriberClientCount = 0, subscriberCount = 0

2024-01-08 18:39:45,581 INFO toNotifyTaskSize = 0

2024-01-08 18:39:45,581 INFO toClientNotifyTaskSize = 0

2024-01-08 18:39:55,421 INFO [long-pulling] client count 0

2024-01-08 18:39:55,579 INFO groupCount = 0, subscriberClientCount = 0, subscriberCount = 0

2024-01-08 18:39:55,581 INFO toNotifyTaskSize = 0

2024-01-08 18:39:55,582 INFO toClientNotifyTaskSize = 0

2024-01-08 18:40:05,422 INFO [long-pulling] client count 0

2024-01-08 18:40:05,580 INFO groupCount = 0, subscriberClientCount = 0, subscriberCount = 0

2024-01-08 18:40:05,582 INFO toNotifyTaskSize = 0

2024-01-08 18:40:05,583 INFO toClientNotifyTaskSize = 0

2024-01-08 18:40:15,423 INFO [long-pulling] client count 0

2024-01-08 18:40:15,580 INFO groupCount = 0, subscriberClientCount = 0, subscriberCount = 0

2024-01-08 18:40:15,583 INFO toNotifyTaskSize = 0

2024-01-08 18:40:15,584 INFO toClientNotifyTaskSize = 0

2024-01-08 18:40:25,423 INFO [long-pulling] client count 0

2024-01-08 18:40:25,581 INFO groupCount = 0, subscriberClientCount = 0, subscriberCount = 0

2024-01-08 18:40:25,584 INFO toNotifyTaskSize = 0

2024-01-08 18:40:25,584 INFO toClientNotifyTaskSize = 0

2024-01-08 18:40:35,424 INFO [long-pulling] client count 0

2024-01-08 18:40:35,581 INFO groupCount = 0, subscriberClientCount = 0, subscriberCount = 0

2024-01-08 18:40:35,584 INFO toNotifyTaskSize = 0

2024-01-08 18:40:35,585 INFO toClientNotifyTaskSize = 0

2024-01-08 18:40:45,424 INFO [long-pulling] client count 0

2024-01-08 18:40:45,581 INFO groupCount = 0, subscriberClientCount = 0, subscriberCount = 0

2024-01-08 18:40:45,585 INFO toNotifyTaskSize = 0

2024-01-08 18:40:45,585 INFO toClientNotifyTaskSize = 0

2024-01-08 18:40:55,425 INFO [long-pulling] client count 0

2024-01-08 18:40:55,582 INFO groupCount = 0, subscriberClientCount = 0, subscriberCount = 0

2024-01-08 18:40:55,586 INFO toNotifyTaskSize = 0

2024-01-08 18:40:55,586 INFO toClientNotifyTaskSize = 0

2024-01-08 18:41:05,426 INFO [long-pulling] client count 0

2024-01-08 18:41:05,583 INFO groupCount = 0, subscriberClientCount = 0, subscriberCount = 0

2024-01-08 18:41:05,586 INFO toNotifyTaskSize = 0

2024-01-08 18:41:05,587 INFO toClientNotifyTaskSize = 0

2024-01-08 18:41:15,426 INFO [long-pulling] client count 0

2024-01-08 18:41:15,583 INFO groupCount = 0, subscriberClientCount = 0, subscriberCount = 0

2024-01-08 18:41:15,587 INFO toNotifyTaskSize = 0

2024-01-08 18:41:15,588 INFO toClientNotifyTaskSize = 0

2024-01-08 18:41:25,427 INFO [long-pulling] client count 0

2024-01-08 18:41:25,583 INFO groupCount = 0, subscriberClientCount = 0, subscriberCount = 0

2024-01-08 18:41:25,588 INFO toNotifyTaskSize = 0

2024-01-08 18:41:25,589 INFO toClientNotifyTaskSize = 0

2024-01-08 18:41:35,428 INFO [long-pulling] client count 0

2024-01-08 18:41:35,584 INFO groupCount = 0, subscriberClientCount = 0, subscriberCount = 0

2024-01-08 18:41:35,589 INFO toNotifyTaskSize = 0

2024-01-08 18:41:35,590 INFO toClientNotifyTaskSize = 0

2024-01-08 18:41:45,428 INFO [long-pulling] client count 0

2024-01-08 18:41:45,584 INFO groupCount = 0, subscriberClientCount = 0, subscriberCount = 0

2024-01-08 18:41:45,590 INFO toNotifyTaskSize = 0

2024-01-08 18:41:45,590 INFO toClientNotifyTaskSize = 0

2024-01-08 18:41:55,429 INFO [long-pulling] client count 0

2024-01-08 18:41:55,585 INFO groupCount = 0, subscriberClientCount = 0, subscriberCount = 0

2024-01-08 18:41:55,591 INFO toNotifyTaskSize = 0

2024-01-08 18:41:55,591 INFO toClientNotifyTaskSize = 0

2024-01-08 18:42:05,430 INFO [long-pulling] client count 0

2024-01-08 18:42:05,586 INFO groupCount = 0, subscriberClientCount = 0, subscriberCount = 0

2024-01-08 18:42:05,592 INFO toNotifyTaskSize = 0

2024-01-08 18:42:05,592 INFO toClientNotifyTaskSize = 0

2024-01-08 18:42:15,431 INFO [long-pulling] client count 0

2024-01-08 18:42:15,586 INFO groupCount = 0, subscriberClientCount = 0, subscriberCount = 0

2024-01-08 18:42:15,593 INFO toNotifyTaskSize = 0

2024-01-08 18:42:15,593 INFO toClientNotifyTaskSize = 0

2024-01-08 18:42:25,431 INFO [long-pulling] client count 0

2024-01-08 18:42:25,586 INFO groupCount = 0, subscriberClientCount = 0, subscriberCount = 0

2024-01-08 18:42:25,593 INFO toNotifyTaskSize = 0

2024-01-08 18:42:25,594 INFO toClientNotifyTaskSize = 0

2024-01-08 18:42:35,432 INFO [long-pulling] client count 0

2024-01-08 18:42:35,587 INFO groupCount = 0, subscriberClientCount = 0, subscriberCount = 0

2024-01-08 18:42:35,594 INFO toNotifyTaskSize = 0

2024-01-08 18:42:35,594 INFO toClientNotifyTaskSize = 0

2024-01-08 18:42:45,433 INFO [long-pulling] client count 0

2024-01-08 18:42:45,587 INFO groupCount = 0, subscriberClientCount = 0, subscriberCount = 0

2024-01-08 18:42:45,595 INFO toNotifyTaskSize = 0

2024-01-08 18:42:45,595 INFO toClientNotifyTaskSize = 0

2024-01-08 18:42:55,434 INFO [long-pulling] client count 0

2024-01-08 18:42:55,588 INFO groupCount = 0, subscriberClientCount = 0, subscriberCount = 0

2024-01-08 18:42:55,596 INFO toNotifyTaskSize = 0

2024-01-08 18:42:55,596 INFO toClientNotifyTaskSize = 0

2024-01-08 18:43:05,435 INFO [long-pulling] client count 0

2024-01-08 18:43:05,588 INFO groupCount = 0, subscriberClientCount = 0, subscriberCount = 0

2024-01-08 18:43:05,596 INFO toNotifyTaskSize = 0

2024-01-08 18:43:05,597 INFO toClientNotifyTaskSize = 0

2024-01-08 18:43:15,436 INFO [long-pulling] client count 0

2024-01-08 18:43:15,589 INFO groupCount = 0, subscriberClientCount = 0, subscriberCount = 0

2024-01-08 18:43:15,597 INFO toNotifyTaskSize = 0

2024-01-08 18:43:15,598 INFO toClientNotifyTaskSize = 0

2024-01-08 18:43:25,437 INFO [long-pulling] client count 0

2024-01-08 18:43:25,590 INFO groupCount = 0, subscriberClientCount = 0, subscriberCount = 0

2024-01-08 18:43:25,599 INFO toNotifyTaskSize = 0

2024-01-08 18:43:25,599 INFO toClientNotifyTaskSize = 0

2024-01-08 18:43:35,438 INFO [long-pulling] client count 0

2024-01-08 18:43:35,590 INFO groupCount = 0, subscriberClientCount = 0, subscriberCount = 0

2024-01-08 18:43:35,599 INFO toNotifyTaskSize = 0

2024-01-08 18:43:35,600 INFO toClientNotifyTaskSize = 0

2024-01-08 18:43:45,439 INFO [long-pulling] client count 0

2024-01-08 18:43:45,591 INFO groupCount = 0, subscriberClientCount = 0, subscriberCount = 0

2024-01-08 18:43:45,601 INFO toNotifyTaskSize = 0

2024-01-08 18:43:45,601 INFO toClientNotifyTaskSize = 0

2024-01-08 18:43:55,440 INFO [long-pulling] client count 0

2024-01-08 18:43:55,592 INFO groupCount = 0, subscriberClientCount = 0, subscriberCount = 0

2024-01-08 18:43:55,602 INFO toNotifyTaskSize = 0

2024-01-08 18:43:55,602 INFO toClientNotifyTaskSize = 0

2024-01-08 18:44:05,441 INFO [long-pulling] client count 0

2024-01-08 18:44:05,592 INFO groupCount = 0, subscriberClientCount = 0, subscriberCount = 0

2024-01-08 18:44:05,602 INFO toNotifyTaskSize = 0

2024-01-08 18:44:05,603 INFO toClientNotifyTaskSize = 0

2024-01-08 18:44:15,442 INFO [long-pulling] client count 0

2024-01-08 18:44:15,593 INFO groupCount = 0, subscriberClientCount = 0, subscriberCount = 0

2024-01-08 18:44:15,604 INFO toNotifyTaskSize = 0

2024-01-08 18:44:15,605 INFO toClientNotifyTaskSize = 0

2024-01-08 18:44:25,443 INFO [long-pulling] client count 0

2024-01-08 18:44:25,594 INFO groupCount = 0, subscriberClientCount = 0, subscriberCount = 0

2024-01-08 18:44:25,605 INFO toNotifyTaskSize = 0

2024-01-08 18:44:25,606 INFO toClientNotifyTaskSize = 0

2024-01-08 18:44:35,443 INFO [long-pulling] client count 0

2024-01-08 18:44:35,594 INFO groupCount = 0, subscriberClientCount = 0, subscriberCount = 0

2024-01-08 18:44:35,606 INFO toNotifyTaskSize = 0

2024-01-08 18:44:35,607 INFO toClientNotifyTaskSize = 0

2024-01-08 18:44:45,444 INFO [long-pulling] client count 0

2024-01-08 18:44:45,595 INFO groupCount = 0, subscriberClientCount = 0, subscriberCount = 0

2024-01-08 18:44:45,607 INFO toNotifyTaskSize = 0

2024-01-08 18:44:45,608 INFO toClientNotifyTaskSize = 0

2024-01-08 18:44:55,445 INFO [long-pulling] client count 0

2024-01-08 18:44:55,595 INFO groupCount = 0, subscriberClientCount = 0, subscriberCount = 0

2024-01-08 18:44:55,608 INFO toNotifyTaskSize = 0

2024-01-08 18:44:55,609 INFO toClientNotifyTaskSize = 0

2024-01-08 18:45:05,445 INFO [long-pulling] client count 0

2024-01-08 18:45:05,596 INFO groupCount = 0, subscriberClientCount = 0, subscriberCount = 0

2024-01-08 18:45:05,609 INFO toNotifyTaskSize = 0

2024-01-08 18:45:05,610 INFO toClientNotifyTaskSize = 0

2024-01-08 18:45:15,446 INFO [long-pulling] client count 0

2024-01-08 18:45:15,597 INFO groupCount = 0, subscriberClientCount = 0, subscriberCount = 0

2024-01-08 18:45:15,610 INFO toNotifyTaskSize = 0

2024-01-08 18:45:15,611 INFO toClientNotifyTaskSize = 0

2024-01-08 18:45:25,447 INFO [long-pulling] client count 0

2024-01-08 18:45:25,597 INFO groupCount = 0, subscriberClientCount = 0, subscriberCount = 0

2024-01-08 18:45:25,612 INFO toNotifyTaskSize = 0

2024-01-08 18:45:25,612 INFO toClientNotifyTaskSize = 0

2024-01-08 18:45:35,448 INFO [long-pulling] client count 0

2024-01-08 18:45:35,598 INFO groupCount = 0, subscriberClientCount = 0, subscriberCount = 0

2024-01-08 18:45:35,613 INFO toNotifyTaskSize = 0

2024-01-08 18:45:35,613 INFO toClientNotifyTaskSize = 0

2024-01-08 18:45:45,448 INFO [long-pulling] client count 0

2024-01-08 18:45:45,598 INFO groupCount = 0, subscriberClientCount = 0, subscriberCount = 0

2024-01-08 18:45:45,614 INFO toNotifyTaskSize = 0

2024-01-08 18:45:45,615 INFO toClientNotifyTaskSize = 0

2024-01-08 18:45:55,449 INFO [long-pulling] client count 0

2024-01-08 18:45:55,599 INFO groupCount = 0, subscriberClientCount = 0, subscriberCount = 0

2024-01-08 18:45:55,615 INFO toNotifyTaskSize = 0

2024-01-08 18:45:55,616 INFO toClientNotifyTaskSize = 0

2024-01-08 18:46:05,450 INFO [long-pulling] client count 0

2024-01-08 18:46:05,600 INFO groupCount = 0, subscriberClientCount = 0, subscriberCount = 0

2024-01-08 18:46:05,616 INFO toNotifyTaskSize = 0

2024-01-08 18:46:05,617 INFO toClientNotifyTaskSize = 0

2024-01-08 18:46:15,451 INFO [long-pulling] client count 0

2024-01-08 18:46:15,601 INFO groupCount = 0, subscriberClientCount = 0, subscriberCount = 0

2024-01-08 18:46:15,618 INFO toNotifyTaskSize = 0

2024-01-08 18:46:15,619 INFO toClientNotifyTaskSize = 0

2024-01-08 18:46:25,452 INFO [long-pulling] client count 0

2024-01-08 18:46:25,602 INFO groupCount = 0, subscriberClientCount = 0, subscriberCount = 0

2024-01-08 18:46:25,620 INFO toNotifyTaskSize = 0

2024-01-08 18:46:25,620 INFO toClientNotifyTaskSize = 0

2024-01-08 18:46:35,453 INFO [long-pulling] client count 0

2024-01-08 18:46:35,602 INFO groupCount = 0, subscriberClientCount = 0, subscriberCount = 0

2024-01-08 18:46:35,621 INFO toNotifyTaskSize = 0

2024-01-08 18:46:35,621 INFO toClientNotifyTaskSize = 0

2024-01-08 18:46:45,454 INFO [long-pulling] client count 0

2024-01-08 18:46:45,603 INFO groupCount = 0, subscriberClientCount = 0, subscriberCount = 0

2024-01-08 18:46:45,622 INFO toNotifyTaskSize = 0

2024-01-08 18:46:45,623 INFO toClientNotifyTaskSize = 0

2024-01-08 18:46:55,454 INFO [long-pulling] client count 0

2024-01-08 18:46:55,603 INFO groupCount = 0, subscriberClientCount = 0, subscriberCount = 0

2024-01-08 18:46:55,623 INFO toNotifyTaskSize = 0

2024-01-08 18:46:55,624 INFO toClientNotifyTaskSize = 0

2024-01-08 18:47:05,455 INFO [long-pulling] client count 0

2024-01-08 18:47:05,604 INFO groupCount = 0, subscriberClientCount = 0, subscriberCount = 0

2024-01-08 18:47:05,624 INFO toNotifyTaskSize = 0

2024-01-08 18:47:05,625 INFO toClientNotifyTaskSize = 0

2024-01-08 18:47:15,456 INFO [long-pulling] client count 0

2024-01-08 18:47:15,604 INFO groupCount = 0, subscriberClientCount = 0, subscriberCount = 0

2024-01-08 18:47:15,625 INFO toNotifyTaskSize = 0

2024-01-08 18:47:15,626 INFO toClientNotifyTaskSize = 0

2024-01-08 18:47:25,456 INFO [long-pulling] client count 0

2024-01-08 18:47:25,605 INFO groupCount = 0, subscriberClientCount = 0, subscriberCount = 0

2024-01-08 18:47:25,626 INFO toNotifyTaskSize = 0

2024-01-08 18:47:25,627 INFO toClientNotifyTaskSize = 0

2024-01-08 18:47:35,457 INFO [long-pulling] client count 0

2024-01-08 18:47:35,605 INFO groupCount = 0, subscriberClientCount = 0, subscriberCount = 0

2024-01-08 18:47:35,627 INFO toNotifyTaskSize = 0

2024-01-08 18:47:35,627 INFO toClientNotifyTaskSize = 0

2024-01-08 18:47:45,458 INFO [long-pulling] client count 0

2024-01-08 18:47:45,606 INFO groupCount = 0, subscriberClientCount = 0, subscriberCount = 0

2024-01-08 18:47:45,628 INFO toNotifyTaskSize = 0

2024-01-08 18:47:45,628 INFO toClientNotifyTaskSize = 0

2024-01-08 18:47:55,458 INFO [long-pulling] client count 0

2024-01-08 18:47:55,606 INFO groupCount = 0, subscriberClientCount = 0, subscriberCount = 0

2024-01-08 18:47:55,628 INFO toNotifyTaskSize = 0

2024-01-08 18:47:55,629 INFO toClientNotifyTaskSize = 0

2024-01-08 18:48:05,459 INFO [long-pulling] client count 0

2024-01-08 18:48:05,606 INFO groupCount = 0, subscriberClientCount = 0, subscriberCount = 0

2024-01-08 18:48:05,629 INFO toNotifyTaskSize = 0

2024-01-08 18:48:05,630 INFO toClientNotifyTaskSize = 0

2024-01-08 18:48:15,460 INFO [long-pulling] client count 0

2024-01-08 18:48:15,607 INFO groupCount = 0, subscriberClientCount = 0, subscriberCount = 0

2024-01-08 18:48:15,630 INFO toNotifyTaskSize = 0

2024-01-08 18:48:15,630 INFO toClientNotifyTaskSize = 0

2024-01-08 18:48:25,461 INFO [long-pulling] client count 0

2024-01-08 18:48:25,607 INFO groupCount = 0, subscriberClientCount = 0, subscriberCount = 0

2024-01-08 18:48:25,631 INFO toNotifyTaskSize = 0

2024-01-08 18:48:25,632 INFO toClientNotifyTaskSize = 0

2024-01-08 18:48:35,461 INFO [long-pulling] client count 0

2024-01-08 18:48:35,608 INFO groupCount = 0, subscriberClientCount = 0, subscriberCount = 0

2024-01-08 18:48:35,632 INFO toNotifyTaskSize = 0

2024-01-08 18:48:35,633 INFO toClientNotifyTaskSize = 0

2024-01-08 18:48:45,462 INFO [long-pulling] client count 0

2024-01-08 18:48:45,608 INFO groupCount = 0, subscriberClientCount = 0, subscriberCount = 0

2024-01-08 18:48:45,633 INFO toNotifyTaskSize = 0

2024-01-08 18:48:45,634 INFO toClientNotifyTaskSize = 0

2024-01-08 18:48:55,463 INFO [long-pulling] client count 0

2024-01-08 18:48:55,610 INFO groupCount = 0, subscriberClientCount = 0, subscriberCount = 0

2024-01-08 18:48:55,634 INFO toNotifyTaskSize = 0

2024-01-08 18:48:55,635 INFO toClientNotifyTaskSize = 0

2024-01-08 18:49:05,463 INFO [long-pulling] client count 0

2024-01-08 18:49:05,610 INFO groupCount = 0, subscriberClientCount = 0, subscriberCount = 0

2024-01-08 18:49:05,635 INFO toNotifyTaskSize = 0

2024-01-08 18:49:05,635 INFO toClientNotifyTaskSize = 0

2024-01-08 18:49:15,464 INFO [long-pulling] client count 0

2024-01-08 18:49:15,611 INFO groupCount = 0, subscriberClientCount = 0, subscriberCount = 0

2024-01-08 18:49:15,636 INFO toNotifyTaskSize = 0

2024-01-08 18:49:15,636 INFO toClientNotifyTaskSize = 0

2024-01-08 18:49:25,464 INFO [long-pulling] client count 0

2024-01-08 18:49:25,611 INFO groupCount = 0, subscriberClientCount = 0, subscriberCount = 0

2024-01-08 18:49:25,637 INFO toNotifyTaskSize = 0

2024-01-08 18:49:25,637 INFO toClientNotifyTaskSize = 0

2024-01-08 18:49:35,465 INFO [long-pulling] client count 0

2024-01-08 18:49:35,612 INFO groupCount = 0, subscriberClientCount = 0, subscriberCount = 0

2024-01-08 18:49:35,638 INFO toNotifyTaskSize = 0

2024-01-08 18:49:35,638 INFO toClientNotifyTaskSize = 0

2024-01-08 18:49:45,466 INFO [long-pulling] client count 0

2024-01-08 18:49:45,612 INFO groupCount = 0, subscriberClientCount = 0, subscriberCount = 0

2024-01-08 18:49:45,638 INFO toNotifyTaskSize = 0

2024-01-08 18:49:45,639 INFO toClientNotifyTaskSize = 0

2024-01-08 18:49:55,466 INFO [long-pulling] client count 0

2024-01-08 18:49:55,613 INFO groupCount = 0, subscriberClientCount = 0, subscriberCount = 0

2024-01-08 18:49:55,639 INFO toNotifyTaskSize = 0

2024-01-08 18:49:55,640 INFO toClientNotifyTaskSize = 0

2024-01-08 18:50:05,467 INFO [long-pulling] client count 0

2024-01-08 18:50:05,613 INFO groupCount = 0, subscriberClientCount = 0, subscriberCount = 0

2024-01-08 18:50:05,640 INFO toNotifyTaskSize = 0

2024-01-08 18:50:05,641 INFO toClientNotifyTaskSize = 0

2024-01-08 18:50:15,467 INFO [long-pulling] client count 0

2024-01-08 18:50:15,614 INFO groupCount = 0, subscriberClientCount = 0, subscriberCount = 0

2024-01-08 18:50:15,641 INFO toNotifyTaskSize = 0

2024-01-08 18:50:15,641 INFO toClientNotifyTaskSize = 0

2024-01-08 18:50:25,468 INFO [long-pulling] client count 0

2024-01-08 18:50:25,614 INFO groupCount = 0, subscriberClientCount = 0, subscriberCount = 0

2024-01-08 18:50:25,642 INFO toNotifyTaskSize = 0

2024-01-08 18:50:25,642 INFO toClientNotifyTaskSize = 0

2024-01-08 18:50:35,468 INFO [long-pulling] client count 0

2024-01-08 18:50:35,614 INFO groupCount = 0, subscriberClientCount = 0, subscriberCount = 0

2024-01-08 18:50:35,643 INFO toNotifyTaskSize = 0

2024-01-08 18:50:35,643 INFO toClientNotifyTaskSize = 0

2024-01-08 18:50:45,469 INFO [long-pulling] client count 0

2024-01-08 18:50:45,615 INFO groupCount = 0, subscriberClientCount = 0, subscriberCount = 0

2024-01-08 18:50:45,643 INFO toNotifyTaskSize = 0

2024-01-08 18:50:45,644 INFO toClientNotifyTaskSize = 0

2024-01-08 18:50:55,469 INFO [long-pulling] client count 0

2024-01-08 18:50:55,615 INFO groupCount = 0, subscriberClientCount = 0, subscriberCount = 0

2024-01-08 18:50:55,644 INFO toNotifyTaskSize = 0

2024-01-08 18:50:55,645 INFO toClientNotifyTaskSize = 0

2024-01-08 18:51:05,470 INFO [long-pulling] client count 0

2024-01-08 18:51:05,616 INFO groupCount = 0, subscriberClientCount = 0, subscriberCount = 0

2024-01-08 18:51:05,645 INFO toNotifyTaskSize = 0

2024-01-08 18:51:05,646 INFO toClientNotifyTaskSize = 0

2024-01-08 18:51:15,471 INFO [long-pulling] client count 0

2024-01-08 18:51:15,616 INFO groupCount = 0, subscriberClientCount = 0, subscriberCount = 0

2024-01-08 18:51:15,646 INFO toNotifyTaskSize = 0

2024-01-08 18:51:15,646 INFO toClientNotifyTaskSize = 0

2024-01-08 18:51:25,471 INFO [long-pulling] client count 0

2024-01-08 18:51:25,617 INFO groupCount = 0, subscriberClientCount = 0, subscriberCount = 0

2024-01-08 18:51:25,647 INFO toNotifyTaskSize = 0

2024-01-08 18:51:25,647 INFO toClientNotifyTaskSize = 0

2024-01-08 18:51:35,472 INFO [long-pulling] client count 0

2024-01-08 18:51:35,617 INFO groupCount = 0, subscriberClientCount = 0, subscriberCount = 0

2024-01-08 18:51:35,648 INFO toNotifyTaskSize = 0

2024-01-08 18:51:35,648 INFO toClientNotifyTaskSize = 0

2024-01-08 18:51:45,472 INFO [long-pulling] client count 0

2024-01-08 18:51:45,618 INFO groupCount = 0, subscriberClientCount = 0, subscriberCount = 0

2024-01-08 18:51:45,648 INFO toNotifyTaskSize = 0

2024-01-08 18:51:45,649 INFO toClientNotifyTaskSize = 0

2024-01-08 18:51:55,473 INFO [long-pulling] client count 0

2024-01-08 18:51:55,618 INFO groupCount = 0, subscriberClientCount = 0, subscriberCount = 0

2024-01-08 18:51:55,649 INFO toNotifyTaskSize = 0

2024-01-08 18:51:55,650 INFO toClientNotifyTaskSize = 0

2024-01-08 18:52:05,473 INFO [long-pulling] client count 0

2024-01-08 18:52:05,618 INFO groupCount = 0, subscriberClientCount = 0, subscriberCount = 0

2024-01-08 18:52:05,650 INFO toNotifyTaskSize = 0

2024-01-08 18:52:05,650 INFO toClientNotifyTaskSize = 0

2024-01-08 18:52:15,474 INFO [long-pulling] client count 0

2024-01-08 18:52:15,619 INFO groupCount = 0, subscriberClientCount = 0, subscriberCount = 0

2024-01-08 18:52:15,651 INFO toNotifyTaskSize = 0

2024-01-08 18:52:15,651 INFO toClientNotifyTaskSize = 0

2024-01-08 18:52:25,475 INFO [long-pulling] client count 0

2024-01-08 18:52:25,619 INFO groupCount = 0, subscriberClientCount = 0, subscriberCount = 0

2024-01-08 18:52:25,651 INFO toNotifyTaskSize = 0

2024-01-08 18:52:25,652 INFO toClientNotifyTaskSize = 0

2024-01-08 18:52:35,475 INFO [long-pulling] client count 0

2024-01-08 18:52:35,620 INFO groupCount = 0, subscriberClientCount = 0, subscriberCount = 0

2024-01-08 18:52:35,652 INFO toNotifyTaskSize = 0

2024-01-08 18:52:35,653 INFO toClientNotifyTaskSize = 0

2024-01-08 18:52:45,476 INFO [long-pulling] client count 0

2024-01-08 18:52:45,620 INFO groupCount = 0, subscriberClientCount = 0, subscriberCount = 0

2024-01-08 18:52:45,653 INFO toNotifyTaskSize = 0

2024-01-08 18:52:45,654 INFO toClientNotifyTaskSize = 0

2024-01-08 18:52:55,476 INFO [long-pulling] client count 0

2024-01-08 18:52:55,620 INFO groupCount = 0, subscriberClientCount = 0, subscriberCount = 0

2024-01-08 18:52:55,654 INFO toNotifyTaskSize = 0

2024-01-08 18:52:55,654 INFO toClientNotifyTaskSize = 0

2024-01-08 18:53:05,477 INFO [long-pulling] client count 0

2024-01-08 18:53:05,621 INFO groupCount = 0, subscriberClientCount = 0, subscriberCount = 0

2024-01-08 18:53:05,655 INFO toNotifyTaskSize = 0

2024-01-08 18:53:05,655 INFO toClientNotifyTaskSize = 0

2024-01-08 18:53:15,478 INFO [long-pulling] client count 0

2024-01-08 18:53:15,621 INFO groupCount = 0, subscriberClientCount = 0, subscriberCount = 0

2024-01-08 18:53:15,655 INFO toNotifyTaskSize = 0

2024-01-08 18:53:15,656 INFO toClientNotifyTaskSize = 0

2024-01-08 18:53:25,478 INFO [long-pulling] client count 0

2024-01-08 18:53:25,622 INFO groupCount = 0, subscriberClientCount = 0, subscriberCount = 0

2024-01-08 18:53:25,656 INFO toNotifyTaskSize = 0

2024-01-08 18:53:25,657 INFO toClientNotifyTaskSize = 0

2024-01-08 18:53:35,479 INFO [long-pulling] client count 0

2024-01-08 18:53:35,622 INFO groupCount = 0, subscriberClientCount = 0, subscriberCount = 0

2024-01-08 18:53:35,657 INFO toNotifyTaskSize = 0

2024-01-08 18:53:35,657 INFO toClientNotifyTaskSize = 0

2024-01-08 18:53:45,480 INFO [long-pulling] client count 0

2024-01-08 18:53:45,622 INFO groupCount = 0, subscriberClientCount = 0, subscriberCount = 0

2024-01-08 18:53:45,658 INFO toNotifyTaskSize = 0

2024-01-08 18:53:45,658 INFO toClientNotifyTaskSize = 0

2024-01-08 18:53:55,480 INFO [long-pulling] client count 0

2024-01-08 18:53:55,623 INFO groupCount = 0, subscriberClientCount = 0, subscriberCount = 0

2024-01-08 18:53:55,659 INFO toNotifyTaskSize = 0

2024-01-08 18:53:55,659 INFO toClientNotifyTaskSize = 0

2024-01-08 18:54:05,481 INFO [long-pulling] client count 0

2024-01-08 18:54:05,623 INFO groupCount = 0, subscriberClientCount = 0, subscriberCount = 0

2024-01-08 18:54:05,660 INFO toNotifyTaskSize = 0

2024-01-08 18:54:05,660 INFO toClientNotifyTaskSize = 0

2024-01-08 18:54:15,481 INFO [long-pulling] client count 0

2024-01-08 18:54:15,624 INFO groupCount = 0, subscriberClientCount = 0, subscriberCount = 0

2024-01-08 18:54:15,660 INFO toNotifyTaskSize = 0

2024-01-08 18:54:15,661 INFO toClientNotifyTaskSize = 0

2024-01-08 18:54:25,482 INFO [long-pulling] client count 0

2024-01-08 18:54:25,624 INFO groupCount = 0, subscriberClientCount = 0, subscriberCount = 0

2024-01-08 18:54:25,661 INFO toNotifyTaskSize = 0

2024-01-08 18:54:25,661 INFO toClientNotifyTaskSize = 0

2024-01-08 18:54:35,483 INFO [long-pulling] client count 0

2024-01-08 18:54:35,624 INFO groupCount = 0, subscriberClientCount = 0, subscriberCount = 0

2024-01-08 18:54:35,662 INFO toNotifyTaskSize = 0

2024-01-08 18:54:35,662 INFO toClientNotifyTaskSize = 0

2024-01-08 18:54:45,483 INFO [long-pulling] client count 0

2024-01-08 18:54:45,625 INFO groupCount = 0, subscriberClientCount = 0, subscriberCount = 0

2024-01-08 18:54:45,662 INFO toNotifyTaskSize = 0

2024-01-08 18:54:45,663 INFO toClientNotifyTaskSize = 0

2024-01-08 18:54:55,484 INFO [long-pulling] client count 0

2024-01-08 18:54:55,625 INFO groupCount = 0, subscriberClientCount = 0, subscriberCount = 0

2024-01-08 18:54:55,663 INFO toNotifyTaskSize = 0

2024-01-08 18:54:55,664 INFO toClientNotifyTaskSize = 0

2024-01-08 18:55:05,484 INFO [long-pulling] client count 0

2024-01-08 18:55:05,626 INFO groupCount = 0, subscriberClientCount = 0, subscriberCount = 0

2024-01-08 18:55:05,664 INFO toNotifyTaskSize = 0

2024-01-08 18:55:05,665 INFO toClientNotifyTaskSize = 0

2024-01-08 18:55:15,485 INFO [long-pulling] client count 0

2024-01-08 18:55:15,626 INFO groupCount = 0, subscriberClientCount = 0, subscriberCount = 0

2024-01-08 18:55:15,665 INFO toNotifyTaskSize = 0

2024-01-08 18:55:15,665 INFO toClientNotifyTaskSize = 0

2024-01-08 18:55:25,486 INFO [long-pulling] client count 0

2024-01-08 18:55:25,626 INFO groupCount = 0, subscriberClientCount = 0, subscriberCount = 0

2024-01-08 18:55:25,666 INFO toNotifyTaskSize = 0

2024-01-08 18:55:25,666 INFO toClientNotifyTaskSize = 0

2024-01-08 18:55:35,487 INFO [long-pulling] client count 0

2024-01-08 18:55:35,627 INFO groupCount = 0, subscriberClientCount = 0, subscriberCount = 0

2024-01-08 18:55:35,667 INFO toNotifyTaskSize = 0

2024-01-08 18:55:35,667 INFO toClientNotifyTaskSize = 0

2024-01-08 18:55:45,487 INFO [long-pulling] client count 0

2024-01-08 18:55:45,627 INFO groupCount = 0, subscriberClientCount = 0, subscriberCount = 0

2024-01-08 18:55:45,667 INFO toNotifyTaskSize = 0

2024-01-08 18:55:45,668 INFO toClientNotifyTaskSize = 0

2024-01-08 18:55:55,488 INFO [long-pulling] client count 0

2024-01-08 18:55:55,628 INFO groupCount = 0, subscriberClientCount = 0, subscriberCount = 0

2024-01-08 18:55:55,668 INFO toNotifyTaskSize = 0

2024-01-08 18:55:55,669 INFO toClientNotifyTaskSize = 0

2024-01-08 18:56:05,489 INFO [long-pulling] client count 0

2024-01-08 18:56:05,628 INFO groupCount = 0, subscriberClientCount = 0, subscriberCount = 0

2024-01-08 18:56:05,669 INFO toNotifyTaskSize = 0

2024-01-08 18:56:05,670 INFO toClientNotifyTaskSize = 0

2024-01-08 18:56:15,490 INFO [long-pulling] client count 0

2024-01-08 18:56:15,629 INFO groupCount = 0, subscriberClientCount = 0, subscriberCount = 0

2024-01-08 18:56:15,670 INFO toNotifyTaskSize = 0

2024-01-08 18:56:15,670 INFO toClientNotifyTaskSize = 0

2024-01-08 18:56:25,491 INFO [long-pulling] client count 0

2024-01-08 18:56:25,629 INFO groupCount = 0, subscriberClientCount = 0, subscriberCount = 0

2024-01-08 18:56:25,671 INFO toNotifyTaskSize = 0

2024-01-08 18:56:25,671 INFO toClientNotifyTaskSize = 0

2024-01-08 18:56:35,491 INFO [long-pulling] client count 0

2024-01-08 18:56:35,630 INFO groupCount = 0, subscriberClientCount = 0, subscriberCount = 0

2024-01-08 18:56:35,671 INFO toNotifyTaskSize = 0

2024-01-08 18:56:35,672 INFO toClientNotifyTaskSize = 0

2024-01-08 18:56:45,492 INFO [long-pulling] client count 0

2024-01-08 18:56:45,630 INFO groupCount = 0, subscriberClientCount = 0, subscriberCount = 0

2024-01-08 18:56:45,672 INFO toNotifyTaskSize = 0

2024-01-08 18:56:45,673 INFO toClientNotifyTaskSize = 0

2024-01-08 18:56:55,493 INFO [long-pulling] client count 0

2024-01-08 18:56:55,631 INFO groupCount = 0, subscriberClientCount = 0, subscriberCount = 0

2024-01-08 18:56:55,673 INFO toNotifyTaskSize = 0

2024-01-08 18:56:55,673 INFO toClientNotifyTaskSize = 0

2024-01-08 18:57:05,494 INFO [long-pulling] client count 0

2024-01-08 18:57:05,632 INFO groupCount = 0, subscriberClientCount = 0, subscriberCount = 0

2024-01-08 18:57:05,674 INFO toNotifyTaskSize = 0

2024-01-08 18:57:05,674 INFO toClientNotifyTaskSize = 0

2024-01-08 18:57:15,494 INFO [long-pulling] client count 0

2024-01-08 18:57:15,632 INFO groupCount = 0, subscriberClientCount = 0, subscriberCount = 0

2024-01-08 18:57:15,674 INFO toNotifyTaskSize = 0

2024-01-08 18:57:15,675 INFO toClientNotifyTaskSize = 0

2024-01-08 18:57:25,495 INFO [long-pulling] client count 0

2024-01-08 18:57:25,633 INFO groupCount = 0, subscriberClientCount = 0, subscriberCount = 0

2024-01-08 18:57:25,675 INFO toNotifyTaskSize = 0

2024-01-08 18:57:25,676 INFO toClientNotifyTaskSize = 0

2024-01-08 18:57:35,496 INFO [long-pulling] client count 0

2024-01-08 18:57:35,633 INFO groupCount = 0, subscriberClientCount = 0, subscriberCount = 0

2024-01-08 18:57:35,676 INFO toNotifyTaskSize = 0

2024-01-08 18:57:35,676 INFO toClientNotifyTaskSize = 0

2024-01-08 18:57:45,496 INFO [long-pulling] client count 0

2024-01-08 18:57:45,634 INFO groupCount = 0, subscriberClientCount = 0, subscriberCount = 0

2024-01-08 18:57:45,677 INFO toNotifyTaskSize = 0

2024-01-08 18:57:45,677 INFO toClientNotifyTaskSize = 0

2024-01-08 18:57:55,497 INFO [long-pulling] client count 0

2024-01-08 18:57:55,634 INFO groupCount = 0, subscriberClientCount = 0, subscriberCount = 0

2024-01-08 18:57:55,678 INFO toNotifyTaskSize = 0

2024-01-08 18:57:55,678 INFO toClientNotifyTaskSize = 0

2024-01-08 18:58:05,497 INFO [long-pulling] client count 0

2024-01-08 18:58:05,635 INFO groupCount = 0, subscriberClientCount = 0, subscriberCount = 0

2024-01-08 18:58:05,678 INFO toNotifyTaskSize = 0

2024-01-08 18:58:05,679 INFO toClientNotifyTaskSize = 0

2024-01-08 18:58:15,498 INFO [long-pulling] client count 0

2024-01-08 18:58:15,635 INFO groupCount = 0, subscriberClientCount = 0, subscriberCount = 0

2024-01-08 18:58:15,679 INFO toNotifyTaskSize = 0

2024-01-08 18:58:15,680 INFO toClientNotifyTaskSize = 0

2024-01-08 18:58:25,499 INFO [long-pulling] client count 0

2024-01-08 18:58:25,635 INFO groupCount = 0, subscriberClientCount = 0, subscriberCount = 0

2024-01-08 18:58:25,680 INFO toNotifyTaskSize = 0

2024-01-08 18:58:25,681 INFO toClientNotifyTaskSize = 0

2024-01-08 18:58:35,499 INFO [long-pulling] client count 0

2024-01-08 18:58:35,636 INFO groupCount = 0, subscriberClientCount = 0, subscriberCount = 0

2024-01-08 18:58:35,681 INFO toNotifyTaskSize = 0

2024-01-08 18:58:35,681 INFO toClientNotifyTaskSize = 0

2024-01-08 18:58:45,500 INFO [long-pulling] client count 0

2024-01-08 18:58:45,636 INFO groupCount = 0, subscriberClientCount = 0, subscriberCount = 0

2024-01-08 18:58:45,682 INFO toNotifyTaskSize = 0

2024-01-08 18:58:45,682 INFO toClientNotifyTaskSize = 0

2024-01-08 18:58:55,501 INFO [long-pulling] client count 0

2024-01-08 18:58:55,637 INFO groupCount = 0, subscriberClientCount = 0, subscriberCount = 0

2024-01-08 18:58:55,683 INFO toNotifyTaskSize = 0

2024-01-08 18:58:55,683 INFO toClientNotifyTaskSize = 0

2024-01-08 18:59:05,502 INFO [long-pulling] client count 0

2024-01-08 18:59:05,637 INFO groupCount = 0, subscriberClientCount = 0, subscriberCount = 0

2024-01-08 18:59:05,684 INFO toNotifyTaskSize = 0

2024-01-08 18:59:05,684 INFO toClientNotifyTaskSize = 0

2024-01-08 18:59:15,503 INFO [long-pulling] client count 0

2024-01-08 18:59:15,638 INFO groupCount = 0, subscriberClientCount = 0, subscriberCount = 0

2024-01-08 18:59:15,685 INFO toNotifyTaskSize = 0

2024-01-08 18:59:15,685 INFO toClientNotifyTaskSize = 0

2024-01-08 18:59:25,503 INFO [long-pulling] client count 0

2024-01-08 18:59:25,638 INFO groupCount = 0, subscriberClientCount = 0, subscriberCount = 0

2024-01-08 18:59:25,685 INFO toNotifyTaskSize = 0

2024-01-08 18:59:25,686 INFO toClientNotifyTaskSize = 0

2024-01-08 18:59:35,504 INFO [long-pulling] client count 0

2024-01-08 18:59:35,639 INFO groupCount = 0, subscriberClientCount = 0, subscriberCount = 0

2024-01-08 18:59:35,686 INFO toNotifyTaskSize = 0

2024-01-08 18:59:35,687 INFO toClientNotifyTaskSize = 0

2024-01-08 18:59:45,504 INFO [long-pulling] client count 0

2024-01-08 18:59:45,639 INFO groupCount = 0, subscriberClientCount = 0, subscriberCount = 0

2024-01-08 18:59:45,687 INFO toNotifyTaskSize = 0

2024-01-08 18:59:45,688 INFO toClientNotifyTaskSize = 0

2024-01-08 18:59:55,505 INFO [long-pulling] client count 0

2024-01-08 18:59:55,640 INFO groupCount = 0, subscriberClientCount = 0, subscriberCount = 0

2024-01-08 18:59:55,688 INFO toNotifyTaskSize = 0

2024-01-08 18:59:55,689 INFO toClientNotifyTaskSize = 0

2024-01-08 19:00:05,506 INFO [long-pulling] client count 0

2024-01-08 19:00:05,640 INFO groupCount = 0, subscriberClientCount = 0, subscriberCount = 0

2024-01-08 19:00:05,689 INFO toNotifyTaskSize = 0

2024-01-08 19:00:05,689 INFO toClientNotifyTaskSize = 0

2024-01-08 19:00:15,506 INFO [long-pulling] client count 0

2024-01-08 19:00:15,640 INFO groupCount = 0, subscriberClientCount = 0, subscriberCount = 0

2024-01-08 19:00:15,690 INFO toNotifyTaskSize = 0

2024-01-08 19:00:15,690 INFO toClientNotifyTaskSize = 0

2024-01-08 19:00:25,507 INFO [long-pulling] client count 0

2024-01-08 19:00:25,641 INFO groupCount = 0, subscriberClientCount = 0, subscriberCount = 0

2024-01-08 19:00:25,691 INFO toNotifyTaskSize = 0

2024-01-08 19:00:25,691 INFO toClientNotifyTaskSize = 0

2024-01-08 19:00:35,508 INFO [long-pulling] client count 0

2024-01-08 19:00:35,641 INFO groupCount = 0, subscriberClientCount = 0, subscriberCount = 0

2024-01-08 19:00:35,691 INFO toNotifyTaskSize = 0

2024-01-08 19:00:35,692 INFO toClientNotifyTaskSize = 0

2024-01-08 19:00:45,509 INFO [long-pulling] client count 0

2024-01-08 19:00:45,642 INFO groupCount = 0, subscriberClientCount = 0, subscriberCount = 0

2024-01-08 19:00:45,692 INFO toNotifyTaskSize = 0

2024-01-08 19:00:45,693 INFO toClientNotifyTaskSize = 0

2024-01-08 19:00:55,509 INFO [long-pulling] client count 0

2024-01-08 19:00:55,642 INFO groupCount = 0, subscriberClientCount = 0, subscriberCount = 0

2024-01-08 19:00:55,693 INFO toNotifyTaskSize = 0

2024-01-08 19:00:55,693 INFO toClientNotifyTaskSize = 0

2024-01-08 19:01:05,510 INFO [long-pulling] client count 0

2024-01-08 19:01:05,642 INFO groupCount = 0, subscriberClientCount = 0, subscriberCount = 0

2024-01-08 19:01:05,693 INFO toNotifyTaskSize = 0

2024-01-08 19:01:05,694 INFO toClientNotifyTaskSize = 0

2024-01-08 19:01:15,510 INFO [long-pulling] client count 0

2024-01-08 19:01:15,643 INFO groupCount = 0, subscriberClientCount = 0, subscriberCount = 0

2024-01-08 19:01:15,694 INFO toNotifyTaskSize = 0

2024-01-08 19:01:15,695 INFO toClientNotifyTaskSize = 0

2024-01-08 19:01:25,510 INFO [long-pulling] client count 0

2024-01-08 19:01:25,642 INFO groupCount = 0, subscriberClientCount = 0, subscriberCount = 0

2024-01-08 19:01:25,695 INFO toNotifyTaskSize = 0

2024-01-08 19:01:25,695 INFO toClientNotifyTaskSize = 0

2024-01-08 19:01:35,511 INFO [long-pulling] client count 0

2024-01-08 19:01:35,642 INFO groupCount = 0, subscriberClientCount = 0, subscriberCount = 0

2024-01-08 19:01:35,695 INFO toNotifyTaskSize = 0

2024-01-08 19:01:35,696 INFO toClientNotifyTaskSize = 0

2024-01-08 19:01:45,511 INFO [long-pulling] client count 0

2024-01-08 19:01:45,643 INFO groupCount = 0, subscriberClientCount = 0, subscriberCount = 0

2024-01-08 19:01:45,696 INFO toNotifyTaskSize = 0

2024-01-08 19:01:45,697 INFO toClientNotifyTaskSize = 0

2024-01-08 19:01:55,513 INFO [long-pulling] client count 0

2024-01-08 19:01:55,644 INFO groupCount = 0, subscriberClientCount = 0, subscriberCount = 0

2024-01-08 19:01:55,698 INFO toNotifyTaskSize = 0

2024-01-08 19:01:55,699 INFO toClientNotifyTaskSize = 0

2024-01-08 19:02:05,514 INFO [long-pulling] client count 0

2024-01-08 19:02:05,645 INFO groupCount = 0, subscriberClientCount = 0, subscriberCount = 0

2024-01-08 19:02:05,699 INFO toNotifyTaskSize = 0

2024-01-08 19:02:05,700 INFO toClientNotifyTaskSize = 0

2024-01-08 19:02:15,514 INFO [long-pulling] client count 0

2024-01-08 19:02:15,645 INFO groupCount = 0, subscriberClientCount = 0, subscriberCount = 0

2024-01-08 19:02:15,700 INFO toNotifyTaskSize = 0

2024-01-08 19:02:15,701 INFO toClientNotifyTaskSize = 0

2024-01-08 19:02:25,515 INFO [long-pulling] client count 0

2024-01-08 19:02:25,646 INFO groupCount = 0, subscriberClientCount = 0, subscriberCount = 0

2024-01-08 19:02:25,701 INFO toNotifyTaskSize = 0

2024-01-08 19:02:25,702 INFO toClientNotifyTaskSize = 0

2024-01-08 19:02:35,516 INFO [long-pulling] client count 0

2024-01-08 19:02:35,646 INFO groupCount = 0, subscriberClientCount = 0, subscriberCount = 0

2024-01-08 19:02:35,702 INFO toNotifyTaskSize = 0

2024-01-08 19:02:35,703 INFO toClientNotifyTaskSize = 0

2024-01-08 19:02:45,517 INFO [long-pulling] client count 0

2024-01-08 19:02:45,647 INFO groupCount = 0, subscriberClientCount = 0, subscriberCount = 0

2024-01-08 19:02:45,703 INFO toNotifyTaskSize = 0

2024-01-08 19:02:45,704 INFO toClientNotifyTaskSize = 0

2024-01-08 19:02:55,518 INFO [long-pulling] client count 0

2024-01-08 19:02:55,647 INFO groupCount = 0, subscriberClientCount = 0, subscriberCount = 0

2024-01-08 19:02:55,705 INFO toNotifyTaskSize = 0

2024-01-08 19:02:55,705 INFO toClientNotifyTaskSize = 0

2024-01-08 19:03:05,518 INFO [long-pulling] client count 0

2024-01-08 19:03:05,648 INFO groupCount = 0, subscriberClientCount = 0, subscriberCount = 0

2024-01-08 19:03:05,706 INFO toNotifyTaskSize = 0

2024-01-08 19:03:05,706 INFO toClientNotifyTaskSize = 0

2024-01-08 19:03:15,519 INFO [long-pulling] client count 0

2024-01-08 19:03:15,648 INFO groupCount = 0, subscriberClientCount = 0, subscriberCount = 0

2024-01-08 19:03:15,706 INFO toNotifyTaskSize = 0

2024-01-08 19:03:15,707 INFO toClientNotifyTaskSize = 0

2024-01-08 19:03:25,520 INFO [long-pulling] client count 0

2024-01-08 19:03:25,649 INFO groupCount = 0, subscriberClientCount = 0, subscriberCount = 0

2024-01-08 19:03:25,707 INFO toNotifyTaskSize = 0

2024-01-08 19:03:25,708 INFO toClientNotifyTaskSize = 0

2024-01-08 19:03:35,520 INFO [long-pulling] client count 0

2024-01-08 19:03:35,649 INFO groupCount = 0, subscriberClientCount = 0, subscriberCount = 0

2024-01-08 19:03:35,708 INFO toNotifyTaskSize = 0

2024-01-08 19:03:35,709 INFO toClientNotifyTaskSize = 0

2024-01-08 19:03:45,521 INFO [long-pulling] client count 0

2024-01-08 19:03:45,649 INFO groupCount = 0, subscriberClientCount = 0, subscriberCount = 0

2024-01-08 19:03:45,709 INFO toNotifyTaskSize = 0

2024-01-08 19:03:45,710 INFO toClientNotifyTaskSize = 0

2024-01-08 19:03:55,522 INFO [long-pulling] client count 0

2024-01-08 19:03:55,650 INFO groupCount = 0, subscriberClientCount = 0, subscriberCount = 0

2024-01-08 19:03:55,710 INFO toNotifyTaskSize = 0

2024-01-08 19:03:55,711 INFO toClientNotifyTaskSize = 0

2024-01-08 19:04:05,522 INFO [long-pulling] client count 0

2024-01-08 19:04:05,650 INFO groupCount = 0, subscriberClientCount = 0, subscriberCount = 0

2024-01-08 19:04:05,711 INFO toNotifyTaskSize = 0

2024-01-08 19:04:05,712 INFO toClientNotifyTaskSize = 0

2024-01-08 19:04:15,523 INFO [long-pulling] client count 0

2024-01-08 19:04:15,651 INFO groupCount = 0, subscriberClientCount = 0, subscriberCount = 0

2024-01-08 19:04:15,712 INFO toNotifyTaskSize = 0

2024-01-08 19:04:15,712 INFO toClientNotifyTaskSize = 0

2024-01-08 19:04:25,524 INFO [long-pulling] client count 0

2024-01-08 19:04:25,651 INFO groupCount = 0, subscriberClientCount = 0, subscriberCount = 0

2024-01-08 19:04:25,713 INFO toNotifyTaskSize = 0

2024-01-08 19:04:25,713 INFO toClientNotifyTaskSize = 0

2024-01-08 19:04:35,524 INFO [long-pulling] client count 0

2024-01-08 19:04:35,652 INFO groupCount = 0, subscriberClientCount = 0, subscriberCount = 0

2024-01-08 19:04:35,714 INFO toNotifyTaskSize = 0

2024-01-08 19:04:35,714 INFO toClientNotifyTaskSize = 0

2024-01-08 19:04:45,525 INFO [long-pulling] client count 0

2024-01-08 19:04:45,652 INFO groupCount = 0, subscriberClientCount = 0, subscriberCount = 0

2024-01-08 19:04:45,715 INFO toNotifyTaskSize = 0

2024-01-08 19:04:45,715 INFO toClientNotifyTaskSize = 0

2024-01-08 19:04:55,525 INFO [long-pulling] client count 0

2024-01-08 19:04:55,653 INFO groupCount = 0, subscriberClientCount = 0, subscriberCount = 0

2024-01-08 19:04:55,715 INFO toNotifyTaskSize = 0

2024-01-08 19:04:55,716 INFO toClientNotifyTaskSize = 0

2024-01-08 19:05:05,526 INFO [long-pulling] client count 0

2024-01-08 19:05:05,653 INFO groupCount = 0, subscriberClientCount = 0, subscriberCount = 0

2024-01-08 19:05:05,716 INFO toNotifyTaskSize = 0

2024-01-08 19:05:05,717 INFO toClientNotifyTaskSize = 0

2024-01-08 19:05:15,527 INFO [long-pulling] client count 0

2024-01-08 19:05:15,654 INFO groupCount = 0, subscriberClientCount = 0, subscriberCount = 0

2024-01-08 19:05:15,717 INFO toNotifyTaskSize = 0

2024-01-08 19:05:15,717 INFO toClientNotifyTaskSize = 0

2024-01-08 19:05:25,527 INFO [long-pulling] client count 0

2024-01-08 19:05:25,654 INFO groupCount = 0, subscriberClientCount = 0, subscriberCount = 0

2024-01-08 19:05:25,718 INFO toNotifyTaskSize = 0

2024-01-08 19:05:25,718 INFO toClientNotifyTaskSize = 0

2024-01-08 19:05:35,528 INFO [long-pulling] client count 0

2024-01-08 19:05:35,655 INFO groupCount = 0, subscriberClientCount = 0, subscriberCount = 0

2024-01-08 19:05:35,719 INFO toNotifyTaskSize = 0

2024-01-08 19:05:35,719 INFO toClientNotifyTaskSize = 0

2024-01-08 19:05:45,529 INFO [long-pulling] client count 0

2024-01-08 19:05:45,655 INFO groupCount = 0, subscriberClientCount = 0, subscriberCount = 0

2024-01-08 19:05:45,720 INFO toNotifyTaskSize = 0

2024-01-08 19:05:45,720 INFO toClientNotifyTaskSize = 0

2024-01-08 19:05:55,529 INFO [long-pulling] client count 0

2024-01-08 19:05:55,656 INFO groupCount = 0, subscriberClientCount = 0, subscriberCount = 0

2024-01-08 19:05:55,720 INFO toNotifyTaskSize = 0

2024-01-08 19:05:55,721 INFO toClientNotifyTaskSize = 0

2024-01-08 19:06:05,530 INFO [long-pulling] client count 0

2024-01-08 19:06:05,656 INFO groupCount = 0, subscriberClientCount = 0, subscriberCount = 0

2024-01-08 19:06:05,721 INFO toNotifyTaskSize = 0

2024-01-08 19:06:05,722 INFO toClientNotifyTaskSize = 0

2024-01-08 19:06:15,530 INFO [long-pulling] client count 0

2024-01-08 19:06:15,657 INFO groupCount = 0, subscriberClientCount = 0, subscriberCount = 0

2024-01-08 19:06:15,722 INFO toNotifyTaskSize = 0

2024-01-08 19:06:15,723 INFO toClientNotifyTaskSize = 0

2024-01-08 19:06:25,531 INFO [long-pulling] client count 0

2024-01-08 19:06:25,657 INFO groupCount = 0, subscriberClientCount = 0, subscriberCount = 0

2024-01-08 19:06:25,723 INFO toNotifyTaskSize = 0

2024-01-08 19:06:25,724 INFO toClientNotifyTaskSize = 0

2024-01-08 19:06:35,532 INFO [long-pulling] client count 0

2024-01-08 19:06:35,658 INFO groupCount = 0, subscriberClientCount = 0, subscriberCount = 0

2024-01-08 19:06:35,724 INFO toNotifyTaskSize = 0

2024-01-08 19:06:35,725 INFO toClientNotifyTaskSize = 0

2024-01-08 19:06:45,533 INFO [long-pulling] client count 0

2024-01-08 19:06:45,658 INFO groupCount = 0, subscriberClientCount = 0, subscriberCount = 0

2024-01-08 19:06:45,725 INFO toNotifyTaskSize = 0

2024-01-08 19:06:45,726 INFO toClientNotifyTaskSize = 0

2024-01-08 19:06:55,533 INFO [long-pulling] client count 0

2024-01-08 19:06:55,658 INFO groupCount = 0, subscriberClientCount = 0, subscriberCount = 0

2024-01-08 19:06:55,726 INFO toNotifyTaskSize = 0

2024-01-08 19:06:55,727 INFO toClientNotifyTaskSize = 0

2024-01-08 19:07:05,534 INFO [long-pulling] client count 0

2024-01-08 19:07:05,659 INFO groupCount = 0, subscriberClientCount = 0, subscriberCount = 0

2024-01-08 19:07:05,727 INFO toNotifyTaskSize = 0

2024-01-08 19:07:05,727 INFO toClientNotifyTaskSize = 0

2024-01-08 19:07:15,534 INFO [long-pulling] client count 0

2024-01-08 19:07:15,659 INFO groupCount = 0, subscriberClientCount = 0, subscriberCount = 0

2024-01-08 19:07:15,728 INFO toNotifyTaskSize = 0

2024-01-08 19:07:15,728 INFO toClientNotifyTaskSize = 0

2024-01-08 19:07:25,535 INFO [long-pulling] client count 0

2024-01-08 19:07:25,660 INFO groupCount = 0, subscriberClientCount = 0, subscriberCount = 0

2024-01-08 19:07:25,728 INFO toNotifyTaskSize = 0

2024-01-08 19:07:25,729 INFO toClientNotifyTaskSize = 0

2024-01-08 19:07:35,536 INFO [long-pulling] client count 0

2024-01-08 19:07:35,660 INFO groupCount = 0, subscriberClientCount = 0, subscriberCount = 0

2024-01-08 19:07:35,729 INFO toNotifyTaskSize = 0

2024-01-08 19:07:35,730 INFO toClientNotifyTaskSize = 0

2024-01-08 19:07:45,536 INFO [long-pulling] client count 0

2024-01-08 19:07:45,661 INFO groupCount = 0, subscriberClientCount = 0, subscriberCount = 0

2024-01-08 19:07:45,730 INFO toNotifyTaskSize = 0

2024-01-08 19:07:45,731 INFO toClientNotifyTaskSize = 0

2024-01-08 19:07:55,537 INFO [long-pulling] client count 0

2024-01-08 19:07:55,661 INFO groupCount = 0, subscriberClientCount = 0, subscriberCount = 0

2024-01-08 19:07:55,732 INFO toNotifyTaskSize = 0

2024-01-08 19:07:55,732 INFO toClientNotifyTaskSize = 0

2024-01-08 19:08:05,538 INFO [long-pulling] client count 0

2024-01-08 19:08:05,662 INFO groupCount = 0, subscriberClientCount = 0, subscriberCount = 0

2024-01-08 19:08:05,733 INFO toNotifyTaskSize = 0

2024-01-08 19:08:05,733 INFO toClientNotifyTaskSize = 0

2024-01-08 19:08:15,538 INFO [long-pulling] client count 0

2024-01-08 19:08:15,662 INFO groupCount = 0, subscriberClientCount = 0, subscriberCount = 0

2024-01-08 19:08:15,733 INFO toNotifyTaskSize = 0

2024-01-08 19:08:15,734 INFO toClientNotifyTaskSize = 0

2024-01-08 19:08:25,539 INFO [long-pulling] client count 0

2024-01-08 19:08:25,663 INFO groupCount = 0, subscriberClientCount = 0, subscriberCount = 0

2024-01-08 19:08:25,734 INFO toNotifyTaskSize = 0

2024-01-08 19:08:25,735 INFO toClientNotifyTaskSize = 0

2024-01-08 19:08:35,540 INFO [long-pulling] client count 0

2024-01-08 19:08:35,663 INFO groupCount = 0, subscriberClientCount = 0, subscriberCount = 0

2024-01-08 19:08:35,735 INFO toNotifyTaskSize = 0

2024-01-08 19:08:35,736 INFO toClientNotifyTaskSize = 0

2024-01-08 19:08:45,541 INFO [long-pulling] client count 0

2024-01-08 19:08:45,663 INFO groupCount = 0, subscriberClientCount = 0, subscriberCount = 0

2024-01-08 19:08:45,736 INFO toNotifyTaskSize = 0

2024-01-08 19:08:45,737 INFO toClientNotifyTaskSize = 0

2024-01-08 19:08:55,541 INFO [long-pulling] client count 0

2024-01-08 19:08:55,664 INFO groupCount = 0, subscriberClientCount = 0, subscriberCount = 0

2024-01-08 19:08:55,737 INFO toNotifyTaskSize = 0

2024-01-08 19:08:55,738 INFO toClientNotifyTaskSize = 0

2024-01-08 19:09:05,542 INFO [long-pulling] client count 0

2024-01-08 19:09:05,664 INFO groupCount = 0, subscriberClientCount = 0, subscriberCount = 0

2024-01-08 19:09:05,738 INFO toNotifyTaskSize = 0

2024-01-08 19:09:05,739 INFO toClientNotifyTaskSize = 0

2024-01-08 19:09:15,543 INFO [long-pulling] client count 0

2024-01-08 19:09:15,665 INFO groupCount = 0, subscriberClientCount = 0, subscriberCount = 0

2024-01-08 19:09:15,739 INFO toNotifyTaskSize = 0

2024-01-08 19:09:15,740 INFO toClientNotifyTaskSize = 0

2024-01-08 19:09:25,544 INFO [long-pulling] client count 0

2024-01-08 19:09:25,665 INFO groupCount = 0, subscriberClientCount = 0, subscriberCount = 0

2024-01-08 19:09:25,740 INFO toNotifyTaskSize = 0

2024-01-08 19:09:25,740 INFO toClientNotifyTaskSize = 0

2024-01-08 19:09:35,544 INFO [long-pulling] client count 0

2024-01-08 19:09:35,666 INFO groupCount = 0, subscriberClientCount = 0, subscriberCount = 0

2024-01-08 19:09:35,741 INFO toNotifyTaskSize = 0

2024-01-08 19:09:35,742 INFO toClientNotifyTaskSize = 0

2024-01-08 19:09:45,545 INFO [long-pulling] client count 0

2024-01-08 19:09:45,666 INFO groupCount = 0, subscriberClientCount = 0, subscriberCount = 0

2024-01-08 19:09:45,742 INFO toNotifyTaskSize = 0

2024-01-08 19:09:45,743 INFO toClientNotifyTaskSize = 0

2024-01-08 19:09:55,546 INFO [long-pulling] client count 0

2024-01-08 19:09:55,667 INFO groupCount = 0, subscriberClientCount = 0, subscriberCount = 0

2024-01-08 19:09:55,743 INFO toNotifyTaskSize = 0

2024-01-08 19:09:55,743 INFO toClientNotifyTaskSize = 0

2024-01-08 19:10:05,546 INFO [long-pulling] client count 0

2024-01-08 19:10:05,667 INFO groupCount = 0, subscriberClientCount = 0, subscriberCount = 0

2024-01-08 19:10:05,744 INFO toNotifyTaskSize = 0

2024-01-08 19:10:05,744 INFO toClientNotifyTaskSize = 0

2024-01-08 19:10:15,547 INFO [long-pulling] client count 0

2024-01-08 19:10:15,667 INFO groupCount = 0, subscriberClientCount = 0, subscriberCount = 0

2024-01-08 19:10:15,745 INFO toNotifyTaskSize = 0

2024-01-08 19:10:15,745 INFO toClientNotifyTaskSize = 0

2024-01-08 19:10:25,547 INFO [long-pulling] client count 0

2024-01-08 19:10:25,668 INFO groupCount = 0, subscriberClientCount = 0, subscriberCount = 0

2024-01-08 19:10:25,745 INFO toNotifyTaskSize = 0

2024-01-08 19:10:25,746 INFO toClientNotifyTaskSize = 0

2024-01-08 19:10:35,548 INFO [long-pulling] client count 0

2024-01-08 19:10:35,668 INFO groupCount = 0, subscriberClientCount = 0, subscriberCount = 0

2024-01-08 19:10:35,746 INFO toNotifyTaskSize = 0

2024-01-08 19:10:35,747 INFO toClientNotifyTaskSize = 0

2024-01-08 19:10:45,549 INFO [long-pulling] client count 0

2024-01-08 19:10:45,668 INFO groupCount = 0, subscriberClientCount = 0, subscriberCount = 0

2024-01-08 19:10:45,747 INFO toNotifyTaskSize = 0

2024-01-08 19:10:45,747 INFO toClientNotifyTaskSize = 0

2024-01-08 19:10:55,549 INFO [long-pulling] client count 0

2024-01-08 19:10:55,669 INFO groupCount = 0, subscriberClientCount = 0, subscriberCount = 0

2024-01-08 19:10:55,748 INFO toNotifyTaskSize = 0

2024-01-08 19:10:55,748 INFO toClientNotifyTaskSize = 0

2024-01-08 19:11:05,550 INFO [long-pulling] client count 0

2024-01-08 19:11:05,669 INFO groupCount = 0, subscriberClientCount = 0, subscriberCount = 0

2024-01-08 19:11:05,748 INFO toNotifyTaskSize = 0

2024-01-08 19:11:05,749 INFO toClientNotifyTaskSize = 0

2024-01-08 19:11:15,550 INFO [long-pulling] client count 0

2024-01-08 19:11:15,670 INFO groupCount = 0, subscriberClientCount = 0, subscriberCount = 0

2024-01-08 19:11:15,749 INFO toNotifyTaskSize = 0

2024-01-08 19:11:15,750 INFO toClientNotifyTaskSize = 0

2024-01-08 19:11:25,551 INFO [long-pulling] client count 0

2024-01-08 19:11:25,670 INFO groupCount = 0, subscriberClientCount = 0, subscriberCount = 0

2024-01-08 19:11:25,750 INFO toNotifyTaskSize = 0

2024-01-08 19:11:25,750 INFO toClientNotifyTaskSize = 0

2024-01-08 19:11:35,551 INFO [long-pulling] client count 0

2024-01-08 19:11:35,670 INFO groupCount = 0, subscriberClientCount = 0, subscriberCount = 0

2024-01-08 19:11:35,751 INFO toNotifyTaskSize = 0

2024-01-08 19:11:35,751 INFO toClientNotifyTaskSize = 0

2024-01-08 19:11:45,552 INFO [long-pulling] client count 0

2024-01-08 19:11:45,671 INFO groupCount = 0, subscriberClientCount = 0, subscriberCount = 0

2024-01-08 19:11:45,752 INFO toNotifyTaskSize = 0

2024-01-08 19:11:45,752 INFO toClientNotifyTaskSize = 0

2024-01-08 19:11:55,553 INFO [long-pulling] client count 0

2024-01-08 19:11:55,672 INFO groupCount = 0, subscriberClientCount = 0, subscriberCount = 0

2024-01-08 19:11:55,753 INFO toNotifyTaskSize = 0

2024-01-08 19:11:55,753 INFO toClientNotifyTaskSize = 0

2024-01-08 19:12:05,554 INFO [long-pulling] client count 0

2024-01-08 19:12:05,672 INFO groupCount = 0, subscriberClientCount = 0, subscriberCount = 0

2024-01-08 19:12:05,754 INFO toNotifyTaskSize = 0

2024-01-08 19:12:05,754 INFO toClientNotifyTaskSize = 0

2024-01-08 19:12:15,554 INFO [long-pulling] client count 0

2024-01-08 19:12:15,673 INFO groupCount = 0, subscriberClientCount = 0, subscriberCount = 0

2024-01-08 19:12:15,755 INFO toNotifyTaskSize = 0

2024-01-08 19:12:15,755 INFO toClientNotifyTaskSize = 0

2024-01-08 19:12:25,555 INFO [long-pulling] client count 0

2024-01-08 19:12:25,673 INFO groupCount = 0, subscriberClientCount = 0, subscriberCount = 0

2024-01-08 19:12:25,756 INFO toNotifyTaskSize = 0

2024-01-08 19:12:25,756 INFO toClientNotifyTaskSize = 0

2024-01-08 19:12:35,555 INFO [long-pulling] client count 0

2024-01-08 19:12:35,674 INFO groupCount = 0, subscriberClientCount = 0, subscriberCount = 0

2024-01-08 19:12:35,757 INFO toNotifyTaskSize = 0

2024-01-08 19:12:35,758 INFO toClientNotifyTaskSize = 0

2024-01-08 19:12:45,556 INFO [long-pulling] client count 0

2024-01-08 19:12:45,674 INFO groupCount = 0, subscriberClientCount = 0, subscriberCount = 0

2024-01-08 19:12:45,758 INFO toNotifyTaskSize = 0

2024-01-08 19:12:45,759 INFO toClientNotifyTaskSize = 0

2024-01-08 19:12:55,557 INFO [long-pulling] client count 0

2024-01-08 19:12:55,675 INFO groupCount = 0, subscriberClientCount = 0, subscriberCount = 0

2024-01-08 19:12:55,759 INFO toNotifyTaskSize = 0

2024-01-08 19:12:55,761 INFO toClientNotifyTaskSize = 0

2024-01-08 19:13:05,557 INFO [long-pulling] client count 0

2024-01-08 19:13:05,675 INFO groupCount = 0, subscriberClientCount = 0, subscriberCount = 0

2024-01-08 19:13:05,762 INFO toNotifyTaskSize = 0

2024-01-08 19:13:05,762 INFO toClientNotifyTaskSize = 0

2024-01-08 19:13:15,558 INFO [long-pulling] client count 0

2024-01-08 19:13:15,675 INFO groupCount = 0, subscriberClientCount = 0, subscriberCount = 0

2024-01-08 19:13:15,763 INFO toNotifyTaskSize = 0

2024-01-08 19:13:15,763 INFO toClientNotifyTaskSize = 0

2024-01-08 19:13:25,559 INFO [long-pulling] client count 0

2024-01-08 19:13:25,676 INFO groupCount = 0, subscriberClientCount = 0, subscriberCount = 0

2024-01-08 19:13:25,764 INFO toNotifyTaskSize = 0

2024-01-08 19:13:25,764 INFO toClientNotifyTaskSize = 0

2024-01-08 19:13:35,559 INFO [long-pulling] client count 0

2024-01-08 19:13:35,676 INFO groupCount = 0, subscriberClientCount = 0, subscriberCount = 0

2024-01-08 19:13:35,765 INFO toNotifyTaskSize = 0

2024-01-08 19:13:35,765 INFO toClientNotifyTaskSize = 0

2024-01-08 19:13:45,560 INFO [long-pulling] client count 0

2024-01-08 19:13:45,677 INFO groupCount = 0, subscriberClientCount = 0, subscriberCount = 0

2024-01-08 19:13:45,765 INFO toNotifyTaskSize = 0

2024-01-08 19:13:45,766 INFO toClientNotifyTaskSize = 0

2024-01-08 19:13:55,561 INFO [long-pulling] client count 0

2024-01-08 19:13:55,677 INFO groupCount = 0, subscriberClientCount = 0, subscriberCount = 0

2024-01-08 19:13:55,767 INFO toNotifyTaskSize = 0

2024-01-08 19:13:55,768 INFO toClientNotifyTaskSize = 0

2024-01-08 19:14:05,562 INFO [long-pulling] client count 0

2024-01-08 19:14:05,678 INFO groupCount = 0, subscriberClientCount = 0, subscriberCount = 0

2024-01-08 19:14:05,768 INFO toNotifyTaskSize = 0

2024-01-08 19:14:05,769 INFO toClientNotifyTaskSize = 0

2024-01-08 19:14:15,562 INFO [long-pulling] client count 0

2024-01-08 19:14:15,678 INFO groupCount = 0, subscriberClientCount = 0, subscriberCount = 0

2024-01-08 19:14:15,769 INFO toNotifyTaskSize = 0

2024-01-08 19:14:15,770 INFO toClientNotifyTaskSize = 0

2024-01-08 19:14:25,564 INFO [long-pulling] client count 0

2024-01-08 19:14:25,679 INFO groupCount = 0, subscriberClientCount = 0, subscriberCount = 0

2024-01-08 19:14:25,770 INFO toNotifyTaskSize = 0

2024-01-08 19:14:25,771 INFO toClientNotifyTaskSize = 0

2024-01-08 19:14:35,564 INFO [long-pulling] client count 0

2024-01-08 19:14:35,679 INFO groupCount = 0, subscriberClientCount = 0, subscriberCount = 0

2024-01-08 19:14:35,771 INFO toNotifyTaskSize = 0

2024-01-08 19:14:35,772 INFO toClientNotifyTaskSize = 0

2024-01-08 19:14:45,565 INFO [long-pulling] client count 0

2024-01-08 19:14:45,680 INFO groupCount = 0, subscriberClientCount = 0, subscriberCount = 0

2024-01-08 19:14:45,772 INFO toNotifyTaskSize = 0

2024-01-08 19:14:45,772 INFO toClientNotifyTaskSize = 0

2024-01-08 19:14:55,566 INFO [long-pulling] client count 0

2024-01-08 19:14:55,680 INFO groupCount = 0, subscriberClientCount = 0, subscriberCount = 0

2024-01-08 19:14:55,773 INFO toNotifyTaskSize = 0

2024-01-08 19:14:55,773 INFO toClientNotifyTaskSize = 0

2024-01-08 19:15:05,566 INFO [long-pulling] client count 0

2024-01-08 19:15:05,681 INFO groupCount = 0, subscriberClientCount = 0, subscriberCount = 0

2024-01-08 19:15:05,774 INFO toNotifyTaskSize = 0

2024-01-08 19:15:05,774 INFO toClientNotifyTaskSize = 0

2024-01-08 19:15:15,567 INFO [long-pulling] client count 0

2024-01-08 19:15:15,681 INFO groupCount = 0, subscriberClientCount = 0, subscriberCount = 0

2024-01-08 19:15:15,775 INFO toNotifyTaskSize = 0

2024-01-08 19:15:15,776 INFO toClientNotifyTaskSize = 0

2024-01-08 19:15:25,567 INFO [long-pulling] client count 0

2024-01-08 19:15:25,682 INFO groupCount = 0, subscriberClientCount = 0, subscriberCount = 0

2024-01-08 19:15:25,777 INFO toNotifyTaskSize = 0

2024-01-08 19:15:25,777 INFO toClientNotifyTaskSize = 0

2024-01-08 19:15:35,568 INFO [long-pulling] client count 0

2024-01-08 19:15:35,682 INFO groupCount = 0, subscriberClientCount = 0, subscriberCount = 0

2024-01-08 19:15:35,778 INFO toNotifyTaskSize = 0

2024-01-08 19:15:35,778 INFO toClientNotifyTaskSize = 0

2024-01-08 19:15:45,569 INFO [long-pulling] client count 0

2024-01-08 19:15:45,683 INFO groupCount = 0, subscriberClientCount = 0, subscriberCount = 0

2024-01-08 19:15:45,779 INFO toNotifyTaskSize = 0

2024-01-08 19:15:45,779 INFO toClientNotifyTaskSize = 0

