2024-01-08 18:38:36,141 INFO PERFORMANCE:|serviceCount|ipCount|subscribeCount|maxPushCost|avgPushCost|totalPushCount|failPushCount

2024-01-08 18:38:36,142 INFO DISTRO:|V1SyncDone|V1SyncFail|V2SyncDone|V2SyncFail|V2VerifyFail|

2024-01-08 18:38:36,142 INFO PERFORMANCE:|0|0|0|-1|-1|0|0

2024-01-08 18:38:36,145 INFO Task worker status: 
naming_0%16, pending tasks: 0
naming_1%16, pending tasks: 0
naming_2%16, pending tasks: 0
naming_3%16, pending tasks: 0
naming_4%16, pending tasks: 0
naming_5%16, pending tasks: 0
naming_6%16, pending tasks: 0
naming_7%16, pending tasks: 0
naming_8%16, pending tasks: 0
naming_9%16, pending tasks: 0
naming_10%16, pending tasks: 0
naming_11%16, pending tasks: 0
naming_12%16, pending tasks: 0
naming_13%16, pending tasks: 0
naming_14%16, pending tasks: 0
naming_15%16, pending tasks: 0


2024-01-08 18:38:36,146 INFO DISTRO:|0|0|0|

2024-01-08 18:39:36,146 INFO PERFORMANCE:|0|0|0|-1|-1|0|0

2024-01-08 18:39:36,147 INFO Task worker status: 
naming_0%16, pending tasks: 0
naming_1%16, pending tasks: 0
naming_2%16, pending tasks: 0
naming_3%16, pending tasks: 0
naming_4%16, pending tasks: 0
naming_5%16, pending tasks: 0
naming_6%16, pending tasks: 0
naming_7%16, pending tasks: 0
naming_8%16, pending tasks: 0
naming_9%16, pending tasks: 0
naming_10%16, pending tasks: 0
naming_11%16, pending tasks: 0
naming_12%16, pending tasks: 0
naming_13%16, pending tasks: 0
naming_14%16, pending tasks: 0
naming_15%16, pending tasks: 0


2024-01-08 18:39:36,147 INFO DISTRO:|0|0|0|

2024-01-08 18:40:36,148 INFO PERFORMANCE:|0|0|0|-1|-1|0|0

2024-01-08 18:40:36,148 INFO Task worker status: 
naming_0%16, pending tasks: 0
naming_1%16, pending tasks: 0
naming_2%16, pending tasks: 0
naming_3%16, pending tasks: 0
naming_4%16, pending tasks: 0
naming_5%16, pending tasks: 0
naming_6%16, pending tasks: 0
naming_7%16, pending tasks: 0
naming_8%16, pending tasks: 0
naming_9%16, pending tasks: 0
naming_10%16, pending tasks: 0
naming_11%16, pending tasks: 0
naming_12%16, pending tasks: 0
naming_13%16, pending tasks: 0
naming_14%16, pending tasks: 0
naming_15%16, pending tasks: 0


2024-01-08 18:40:36,149 INFO DISTRO:|0|0|0|

2024-01-08 18:41:36,149 INFO PERFORMANCE:|0|0|0|-1|-1|0|0

2024-01-08 18:41:36,149 INFO Task worker status: 
naming_0%16, pending tasks: 0
naming_1%16, pending tasks: 0
naming_2%16, pending tasks: 0
naming_3%16, pending tasks: 0
naming_4%16, pending tasks: 0
naming_5%16, pending tasks: 0
naming_6%16, pending tasks: 0
naming_7%16, pending tasks: 0
naming_8%16, pending tasks: 0
naming_9%16, pending tasks: 0
naming_10%16, pending tasks: 0
naming_11%16, pending tasks: 0
naming_12%16, pending tasks: 0
naming_13%16, pending tasks: 0
naming_14%16, pending tasks: 0
naming_15%16, pending tasks: 0


2024-01-08 18:41:36,150 INFO DISTRO:|0|0|0|

2024-01-08 18:42:36,150 INFO PERFORMANCE:|0|0|0|-1|-1|0|0

2024-01-08 18:42:36,151 INFO Task worker status: 
naming_0%16, pending tasks: 0
naming_1%16, pending tasks: 0
naming_2%16, pending tasks: 0
naming_3%16, pending tasks: 0
naming_4%16, pending tasks: 0
naming_5%16, pending tasks: 0
naming_6%16, pending tasks: 0
naming_7%16, pending tasks: 0
naming_8%16, pending tasks: 0
naming_9%16, pending tasks: 0
naming_10%16, pending tasks: 0
naming_11%16, pending tasks: 0
naming_12%16, pending tasks: 0
naming_13%16, pending tasks: 0
naming_14%16, pending tasks: 0
naming_15%16, pending tasks: 0


2024-01-08 18:42:36,151 INFO DISTRO:|0|0|0|

2024-01-08 18:43:36,152 INFO PERFORMANCE:|0|0|0|-1|-1|0|0

2024-01-08 18:43:36,152 INFO Task worker status: 
naming_0%16, pending tasks: 0
naming_1%16, pending tasks: 0
naming_2%16, pending tasks: 0
naming_3%16, pending tasks: 0
naming_4%16, pending tasks: 0
naming_5%16, pending tasks: 0
naming_6%16, pending tasks: 0
naming_7%16, pending tasks: 0
naming_8%16, pending tasks: 0
naming_9%16, pending tasks: 0
naming_10%16, pending tasks: 0
naming_11%16, pending tasks: 0
naming_12%16, pending tasks: 0
naming_13%16, pending tasks: 0
naming_14%16, pending tasks: 0
naming_15%16, pending tasks: 0


2024-01-08 18:43:36,153 INFO DISTRO:|0|0|0|

2024-01-08 18:44:36,153 INFO PERFORMANCE:|0|0|0|-1|-1|0|0

2024-01-08 18:44:36,154 INFO Task worker status: 
naming_0%16, pending tasks: 0
naming_1%16, pending tasks: 0
naming_2%16, pending tasks: 0
naming_3%16, pending tasks: 0
naming_4%16, pending tasks: 0
naming_5%16, pending tasks: 0
naming_6%16, pending tasks: 0
naming_7%16, pending tasks: 0
naming_8%16, pending tasks: 0
naming_9%16, pending tasks: 0
naming_10%16, pending tasks: 0
naming_11%16, pending tasks: 0
naming_12%16, pending tasks: 0
naming_13%16, pending tasks: 0
naming_14%16, pending tasks: 0
naming_15%16, pending tasks: 0


2024-01-08 18:44:36,154 INFO DISTRO:|0|0|0|

2024-01-08 18:45:36,154 INFO PERFORMANCE:|0|0|0|-1|-1|0|0

2024-01-08 18:45:36,155 INFO Task worker status: 
naming_0%16, pending tasks: 0
naming_1%16, pending tasks: 0
naming_2%16, pending tasks: 0
naming_3%16, pending tasks: 0
naming_4%16, pending tasks: 0
naming_5%16, pending tasks: 0
naming_6%16, pending tasks: 0
naming_7%16, pending tasks: 0
naming_8%16, pending tasks: 0
naming_9%16, pending tasks: 0
naming_10%16, pending tasks: 0
naming_11%16, pending tasks: 0
naming_12%16, pending tasks: 0
naming_13%16, pending tasks: 0
naming_14%16, pending tasks: 0
naming_15%16, pending tasks: 0


2024-01-08 18:45:36,155 INFO DISTRO:|0|0|0|

2024-01-08 18:46:36,156 INFO PERFORMANCE:|0|0|0|-1|-1|0|0

2024-01-08 18:46:36,156 INFO Task worker status: 
naming_0%16, pending tasks: 0
naming_1%16, pending tasks: 0
naming_2%16, pending tasks: 0
naming_3%16, pending tasks: 0
naming_4%16, pending tasks: 0
naming_5%16, pending tasks: 0
naming_6%16, pending tasks: 0
naming_7%16, pending tasks: 0
naming_8%16, pending tasks: 0
naming_9%16, pending tasks: 0
naming_10%16, pending tasks: 0
naming_11%16, pending tasks: 0
naming_12%16, pending tasks: 0
naming_13%16, pending tasks: 0
naming_14%16, pending tasks: 0
naming_15%16, pending tasks: 0


2024-01-08 18:46:36,157 INFO DISTRO:|0|0|0|

2024-01-08 18:47:36,157 INFO PERFORMANCE:|0|0|0|-1|-1|0|0

2024-01-08 18:47:36,158 INFO Task worker status: 
naming_0%16, pending tasks: 0
naming_1%16, pending tasks: 0
naming_2%16, pending tasks: 0
naming_3%16, pending tasks: 0
naming_4%16, pending tasks: 0
naming_5%16, pending tasks: 0
naming_6%16, pending tasks: 0
naming_7%16, pending tasks: 0
naming_8%16, pending tasks: 0
naming_9%16, pending tasks: 0
naming_10%16, pending tasks: 0
naming_11%16, pending tasks: 0
naming_12%16, pending tasks: 0
naming_13%16, pending tasks: 0
naming_14%16, pending tasks: 0
naming_15%16, pending tasks: 0


2024-01-08 18:47:36,158 INFO DISTRO:|0|0|0|

2024-01-08 18:48:36,159 INFO PERFORMANCE:|serviceCount|ipCount|subscribeCount|maxPushCost|avgPushCost|totalPushCount|failPushCount

2024-01-08 18:48:36,159 INFO DISTRO:|V1SyncDone|V1SyncFail|V2SyncDone|V2SyncFail|V2VerifyFail|

2024-01-08 18:48:36,160 INFO PERFORMANCE:|0|0|0|-1|-1|0|0

2024-01-08 18:48:36,160 INFO Task worker status: 
naming_0%16, pending tasks: 0
naming_1%16, pending tasks: 0
naming_2%16, pending tasks: 0
naming_3%16, pending tasks: 0
naming_4%16, pending tasks: 0
naming_5%16, pending tasks: 0
naming_6%16, pending tasks: 0
naming_7%16, pending tasks: 0
naming_8%16, pending tasks: 0
naming_9%16, pending tasks: 0
naming_10%16, pending tasks: 0
naming_11%16, pending tasks: 0
naming_12%16, pending tasks: 0
naming_13%16, pending tasks: 0
naming_14%16, pending tasks: 0
naming_15%16, pending tasks: 0


2024-01-08 18:48:36,160 INFO DISTRO:|0|0|0|

2024-01-08 18:49:36,160 INFO PERFORMANCE:|0|0|0|-1|-1|0|0

2024-01-08 18:49:36,161 INFO Task worker status: 
naming_0%16, pending tasks: 0
naming_1%16, pending tasks: 0
naming_2%16, pending tasks: 0
naming_3%16, pending tasks: 0
naming_4%16, pending tasks: 0
naming_5%16, pending tasks: 0
naming_6%16, pending tasks: 0
naming_7%16, pending tasks: 0
naming_8%16, pending tasks: 0
naming_9%16, pending tasks: 0
naming_10%16, pending tasks: 0
naming_11%16, pending tasks: 0
naming_12%16, pending tasks: 0
naming_13%16, pending tasks: 0
naming_14%16, pending tasks: 0
naming_15%16, pending tasks: 0


2024-01-08 18:49:36,161 INFO DISTRO:|0|0|0|

2024-01-08 18:50:36,162 INFO PERFORMANCE:|0|0|0|-1|-1|0|0

2024-01-08 18:50:36,162 INFO Task worker status: 
naming_0%16, pending tasks: 0
naming_1%16, pending tasks: 0
naming_2%16, pending tasks: 0
naming_3%16, pending tasks: 0
naming_4%16, pending tasks: 0
naming_5%16, pending tasks: 0
naming_6%16, pending tasks: 0
naming_7%16, pending tasks: 0
naming_8%16, pending tasks: 0
naming_9%16, pending tasks: 0
naming_10%16, pending tasks: 0
naming_11%16, pending tasks: 0
naming_12%16, pending tasks: 0
naming_13%16, pending tasks: 0
naming_14%16, pending tasks: 0
naming_15%16, pending tasks: 0


2024-01-08 18:50:36,162 INFO DISTRO:|0|0|0|

2024-01-08 18:51:36,163 INFO PERFORMANCE:|0|0|0|-1|-1|0|0

2024-01-08 18:51:36,163 INFO Task worker status: 
naming_0%16, pending tasks: 0
naming_1%16, pending tasks: 0
naming_2%16, pending tasks: 0
naming_3%16, pending tasks: 0
naming_4%16, pending tasks: 0
naming_5%16, pending tasks: 0
naming_6%16, pending tasks: 0
naming_7%16, pending tasks: 0
naming_8%16, pending tasks: 0
naming_9%16, pending tasks: 0
naming_10%16, pending tasks: 0
naming_11%16, pending tasks: 0
naming_12%16, pending tasks: 0
naming_13%16, pending tasks: 0
naming_14%16, pending tasks: 0
naming_15%16, pending tasks: 0


2024-01-08 18:51:36,163 INFO DISTRO:|0|0|0|

2024-01-08 18:52:36,164 INFO PERFORMANCE:|0|0|0|-1|-1|0|0

2024-01-08 18:52:36,164 INFO Task worker status: 
naming_0%16, pending tasks: 0
naming_1%16, pending tasks: 0
naming_2%16, pending tasks: 0
naming_3%16, pending tasks: 0
naming_4%16, pending tasks: 0
naming_5%16, pending tasks: 0
naming_6%16, pending tasks: 0
naming_7%16, pending tasks: 0
naming_8%16, pending tasks: 0
naming_9%16, pending tasks: 0
naming_10%16, pending tasks: 0
naming_11%16, pending tasks: 0
naming_12%16, pending tasks: 0
naming_13%16, pending tasks: 0
naming_14%16, pending tasks: 0
naming_15%16, pending tasks: 0


2024-01-08 18:52:36,165 INFO DISTRO:|0|0|0|

2024-01-08 18:53:36,165 INFO PERFORMANCE:|0|0|0|-1|-1|0|0

2024-01-08 18:53:36,166 INFO Task worker status: 
naming_0%16, pending tasks: 0
naming_1%16, pending tasks: 0
naming_2%16, pending tasks: 0
naming_3%16, pending tasks: 0
naming_4%16, pending tasks: 0
naming_5%16, pending tasks: 0
naming_6%16, pending tasks: 0
naming_7%16, pending tasks: 0
naming_8%16, pending tasks: 0
naming_9%16, pending tasks: 0
naming_10%16, pending tasks: 0
naming_11%16, pending tasks: 0
naming_12%16, pending tasks: 0
naming_13%16, pending tasks: 0
naming_14%16, pending tasks: 0
naming_15%16, pending tasks: 0


2024-01-08 18:53:36,166 INFO DISTRO:|0|0|0|

2024-01-08 18:54:36,166 INFO PERFORMANCE:|0|0|0|-1|-1|0|0

2024-01-08 18:54:36,167 INFO Task worker status: 
naming_0%16, pending tasks: 0
naming_1%16, pending tasks: 0
naming_2%16, pending tasks: 0
naming_3%16, pending tasks: 0
naming_4%16, pending tasks: 0
naming_5%16, pending tasks: 0
naming_6%16, pending tasks: 0
naming_7%16, pending tasks: 0
naming_8%16, pending tasks: 0
naming_9%16, pending tasks: 0
naming_10%16, pending tasks: 0
naming_11%16, pending tasks: 0
naming_12%16, pending tasks: 0
naming_13%16, pending tasks: 0
naming_14%16, pending tasks: 0
naming_15%16, pending tasks: 0


2024-01-08 18:54:36,167 INFO DISTRO:|0|0|0|

2024-01-08 18:55:36,167 INFO PERFORMANCE:|0|0|0|-1|-1|0|0

2024-01-08 18:55:36,168 INFO Task worker status: 
naming_0%16, pending tasks: 0
naming_1%16, pending tasks: 0
naming_2%16, pending tasks: 0
naming_3%16, pending tasks: 0
naming_4%16, pending tasks: 0
naming_5%16, pending tasks: 0
naming_6%16, pending tasks: 0
naming_7%16, pending tasks: 0
naming_8%16, pending tasks: 0
naming_9%16, pending tasks: 0
naming_10%16, pending tasks: 0
naming_11%16, pending tasks: 0
naming_12%16, pending tasks: 0
naming_13%16, pending tasks: 0
naming_14%16, pending tasks: 0
naming_15%16, pending tasks: 0


2024-01-08 18:55:36,168 INFO DISTRO:|0|0|0|

2024-01-08 18:56:36,169 INFO PERFORMANCE:|0|0|0|-1|-1|0|0

2024-01-08 18:56:36,169 INFO Task worker status: 
naming_0%16, pending tasks: 0
naming_1%16, pending tasks: 0
naming_2%16, pending tasks: 0
naming_3%16, pending tasks: 0
naming_4%16, pending tasks: 0
naming_5%16, pending tasks: 0
naming_6%16, pending tasks: 0
naming_7%16, pending tasks: 0
naming_8%16, pending tasks: 0
naming_9%16, pending tasks: 0
naming_10%16, pending tasks: 0
naming_11%16, pending tasks: 0
naming_12%16, pending tasks: 0
naming_13%16, pending tasks: 0
naming_14%16, pending tasks: 0
naming_15%16, pending tasks: 0


2024-01-08 18:56:36,170 INFO DISTRO:|0|0|0|

2024-01-08 18:57:36,170 INFO PERFORMANCE:|0|0|0|-1|-1|0|0

2024-01-08 18:57:36,171 INFO Task worker status: 
naming_0%16, pending tasks: 0
naming_1%16, pending tasks: 0
naming_2%16, pending tasks: 0
naming_3%16, pending tasks: 0
naming_4%16, pending tasks: 0
naming_5%16, pending tasks: 0
naming_6%16, pending tasks: 0
naming_7%16, pending tasks: 0
naming_8%16, pending tasks: 0
naming_9%16, pending tasks: 0
naming_10%16, pending tasks: 0
naming_11%16, pending tasks: 0
naming_12%16, pending tasks: 0
naming_13%16, pending tasks: 0
naming_14%16, pending tasks: 0
naming_15%16, pending tasks: 0


2024-01-08 18:57:36,171 INFO DISTRO:|0|0|0|

2024-01-08 18:58:36,171 INFO PERFORMANCE:|serviceCount|ipCount|subscribeCount|maxPushCost|avgPushCost|totalPushCount|failPushCount

2024-01-08 18:58:36,172 INFO DISTRO:|V1SyncDone|V1SyncFail|V2SyncDone|V2SyncFail|V2VerifyFail|

2024-01-08 18:58:36,172 INFO PERFORMANCE:|0|0|0|-1|-1|0|0

2024-01-08 18:58:36,172 INFO Task worker status: 
naming_0%16, pending tasks: 0
naming_1%16, pending tasks: 0
naming_2%16, pending tasks: 0
naming_3%16, pending tasks: 0
naming_4%16, pending tasks: 0
naming_5%16, pending tasks: 0
naming_6%16, pending tasks: 0
naming_7%16, pending tasks: 0
naming_8%16, pending tasks: 0
naming_9%16, pending tasks: 0
naming_10%16, pending tasks: 0
naming_11%16, pending tasks: 0
naming_12%16, pending tasks: 0
naming_13%16, pending tasks: 0
naming_14%16, pending tasks: 0
naming_15%16, pending tasks: 0


2024-01-08 18:58:36,173 INFO DISTRO:|0|0|0|

2024-01-08 18:59:36,173 INFO PERFORMANCE:|0|0|0|-1|-1|0|0

2024-01-08 18:59:36,173 INFO Task worker status: 
naming_0%16, pending tasks: 0
naming_1%16, pending tasks: 0
naming_2%16, pending tasks: 0
naming_3%16, pending tasks: 0
naming_4%16, pending tasks: 0
naming_5%16, pending tasks: 0
naming_6%16, pending tasks: 0
naming_7%16, pending tasks: 0
naming_8%16, pending tasks: 0
naming_9%16, pending tasks: 0
naming_10%16, pending tasks: 0
naming_11%16, pending tasks: 0
naming_12%16, pending tasks: 0
naming_13%16, pending tasks: 0
naming_14%16, pending tasks: 0
naming_15%16, pending tasks: 0


2024-01-08 18:59:36,174 INFO DISTRO:|0|0|0|

2024-01-08 19:00:36,174 INFO PERFORMANCE:|0|0|0|-1|-1|0|0

2024-01-08 19:00:36,175 INFO Task worker status: 
naming_0%16, pending tasks: 0
naming_1%16, pending tasks: 0
naming_2%16, pending tasks: 0
naming_3%16, pending tasks: 0
naming_4%16, pending tasks: 0
naming_5%16, pending tasks: 0
naming_6%16, pending tasks: 0
naming_7%16, pending tasks: 0
naming_8%16, pending tasks: 0
naming_9%16, pending tasks: 0
naming_10%16, pending tasks: 0
naming_11%16, pending tasks: 0
naming_12%16, pending tasks: 0
naming_13%16, pending tasks: 0
naming_14%16, pending tasks: 0
naming_15%16, pending tasks: 0


2024-01-08 19:00:36,175 INFO DISTRO:|0|0|0|

2024-01-08 19:01:36,174 INFO PERFORMANCE:|0|0|0|-1|-1|0|0

2024-01-08 19:01:36,174 INFO Task worker status: 
naming_0%16, pending tasks: 0
naming_1%16, pending tasks: 0
naming_2%16, pending tasks: 0
naming_3%16, pending tasks: 0
naming_4%16, pending tasks: 0
naming_5%16, pending tasks: 0
naming_6%16, pending tasks: 0
naming_7%16, pending tasks: 0
naming_8%16, pending tasks: 0
naming_9%16, pending tasks: 0
naming_10%16, pending tasks: 0
naming_11%16, pending tasks: 0
naming_12%16, pending tasks: 0
naming_13%16, pending tasks: 0
naming_14%16, pending tasks: 0
naming_15%16, pending tasks: 0


2024-01-08 19:01:36,175 INFO DISTRO:|0|0|0|

2024-01-08 19:02:36,176 INFO PERFORMANCE:|0|0|0|-1|-1|0|0

2024-01-08 19:02:36,177 INFO Task worker status: 
naming_0%16, pending tasks: 0
naming_1%16, pending tasks: 0
naming_2%16, pending tasks: 0
naming_3%16, pending tasks: 0
naming_4%16, pending tasks: 0
naming_5%16, pending tasks: 0
naming_6%16, pending tasks: 0
naming_7%16, pending tasks: 0
naming_8%16, pending tasks: 0
naming_9%16, pending tasks: 0
naming_10%16, pending tasks: 0
naming_11%16, pending tasks: 0
naming_12%16, pending tasks: 0
naming_13%16, pending tasks: 0
naming_14%16, pending tasks: 0
naming_15%16, pending tasks: 0


2024-01-08 19:02:36,177 INFO DISTRO:|0|0|0|

2024-01-08 19:03:36,178 INFO PERFORMANCE:|0|0|0|-1|-1|0|0

2024-01-08 19:03:36,179 INFO Task worker status: 
naming_0%16, pending tasks: 0
naming_1%16, pending tasks: 0
naming_2%16, pending tasks: 0
naming_3%16, pending tasks: 0
naming_4%16, pending tasks: 0
naming_5%16, pending tasks: 0
naming_6%16, pending tasks: 0
naming_7%16, pending tasks: 0
naming_8%16, pending tasks: 0
naming_9%16, pending tasks: 0
naming_10%16, pending tasks: 0
naming_11%16, pending tasks: 0
naming_12%16, pending tasks: 0
naming_13%16, pending tasks: 0
naming_14%16, pending tasks: 0
naming_15%16, pending tasks: 0


2024-01-08 19:03:36,179 INFO DISTRO:|0|0|0|

2024-01-08 19:04:36,179 INFO PERFORMANCE:|0|0|0|-1|-1|0|0

2024-01-08 19:04:36,180 INFO Task worker status: 
naming_0%16, pending tasks: 0
naming_1%16, pending tasks: 0
naming_2%16, pending tasks: 0
naming_3%16, pending tasks: 0
naming_4%16, pending tasks: 0
naming_5%16, pending tasks: 0
naming_6%16, pending tasks: 0
naming_7%16, pending tasks: 0
naming_8%16, pending tasks: 0
naming_9%16, pending tasks: 0
naming_10%16, pending tasks: 0
naming_11%16, pending tasks: 0
naming_12%16, pending tasks: 0
naming_13%16, pending tasks: 0
naming_14%16, pending tasks: 0
naming_15%16, pending tasks: 0


2024-01-08 19:04:36,180 INFO DISTRO:|0|0|0|

2024-01-08 19:05:36,180 INFO PERFORMANCE:|0|0|0|-1|-1|0|0

2024-01-08 19:05:36,181 INFO Task worker status: 
naming_0%16, pending tasks: 0
naming_1%16, pending tasks: 0
naming_2%16, pending tasks: 0
naming_3%16, pending tasks: 0
naming_4%16, pending tasks: 0
naming_5%16, pending tasks: 0
naming_6%16, pending tasks: 0
naming_7%16, pending tasks: 0
naming_8%16, pending tasks: 0
naming_9%16, pending tasks: 0
naming_10%16, pending tasks: 0
naming_11%16, pending tasks: 0
naming_12%16, pending tasks: 0
naming_13%16, pending tasks: 0
naming_14%16, pending tasks: 0
naming_15%16, pending tasks: 0


2024-01-08 19:05:36,181 INFO DISTRO:|0|0|0|

2024-01-08 19:06:36,181 INFO PERFORMANCE:|0|0|0|-1|-1|0|0

2024-01-08 19:06:36,181 INFO Task worker status: 
naming_0%16, pending tasks: 0
naming_1%16, pending tasks: 0
naming_2%16, pending tasks: 0
naming_3%16, pending tasks: 0
naming_4%16, pending tasks: 0
naming_5%16, pending tasks: 0
naming_6%16, pending tasks: 0
naming_7%16, pending tasks: 0
naming_8%16, pending tasks: 0
naming_9%16, pending tasks: 0
naming_10%16, pending tasks: 0
naming_11%16, pending tasks: 0
naming_12%16, pending tasks: 0
naming_13%16, pending tasks: 0
naming_14%16, pending tasks: 0
naming_15%16, pending tasks: 0


2024-01-08 19:06:36,182 INFO DISTRO:|0|0|0|

2024-01-08 19:07:36,182 INFO PERFORMANCE:|0|0|0|-1|-1|0|0

2024-01-08 19:07:36,182 INFO Task worker status: 
naming_0%16, pending tasks: 0
naming_1%16, pending tasks: 0
naming_2%16, pending tasks: 0
naming_3%16, pending tasks: 0
naming_4%16, pending tasks: 0
naming_5%16, pending tasks: 0
naming_6%16, pending tasks: 0
naming_7%16, pending tasks: 0
naming_8%16, pending tasks: 0
naming_9%16, pending tasks: 0
naming_10%16, pending tasks: 0
naming_11%16, pending tasks: 0
naming_12%16, pending tasks: 0
naming_13%16, pending tasks: 0
naming_14%16, pending tasks: 0
naming_15%16, pending tasks: 0


2024-01-08 19:07:36,183 INFO DISTRO:|0|0|0|

2024-01-08 19:08:36,183 INFO PERFORMANCE:|serviceCount|ipCount|subscribeCount|maxPushCost|avgPushCost|totalPushCount|failPushCount

2024-01-08 19:08:36,184 INFO DISTRO:|V1SyncDone|V1SyncFail|V2SyncDone|V2SyncFail|V2VerifyFail|

2024-01-08 19:08:36,184 INFO PERFORMANCE:|0|0|0|-1|-1|0|0

2024-01-08 19:08:36,184 INFO Task worker status: 
naming_0%16, pending tasks: 0
naming_1%16, pending tasks: 0
naming_2%16, pending tasks: 0
naming_3%16, pending tasks: 0
naming_4%16, pending tasks: 0
naming_5%16, pending tasks: 0
naming_6%16, pending tasks: 0
naming_7%16, pending tasks: 0
naming_8%16, pending tasks: 0
naming_9%16, pending tasks: 0
naming_10%16, pending tasks: 0
naming_11%16, pending tasks: 0
naming_12%16, pending tasks: 0
naming_13%16, pending tasks: 0
naming_14%16, pending tasks: 0
naming_15%16, pending tasks: 0


2024-01-08 19:08:36,184 INFO DISTRO:|0|0|0|

2024-01-08 19:09:36,185 INFO PERFORMANCE:|0|0|0|-1|-1|0|0

2024-01-08 19:09:36,185 INFO Task worker status: 
naming_0%16, pending tasks: 0
naming_1%16, pending tasks: 0
naming_2%16, pending tasks: 0
naming_3%16, pending tasks: 0
naming_4%16, pending tasks: 0
naming_5%16, pending tasks: 0
naming_6%16, pending tasks: 0
naming_7%16, pending tasks: 0
naming_8%16, pending tasks: 0
naming_9%16, pending tasks: 0
naming_10%16, pending tasks: 0
naming_11%16, pending tasks: 0
naming_12%16, pending tasks: 0
naming_13%16, pending tasks: 0
naming_14%16, pending tasks: 0
naming_15%16, pending tasks: 0


2024-01-08 19:09:36,186 INFO DISTRO:|0|0|0|

2024-01-08 19:10:36,186 INFO PERFORMANCE:|0|0|0|-1|-1|0|0

2024-01-08 19:10:36,186 INFO Task worker status: 
naming_0%16, pending tasks: 0
naming_1%16, pending tasks: 0
naming_2%16, pending tasks: 0
naming_3%16, pending tasks: 0
naming_4%16, pending tasks: 0
naming_5%16, pending tasks: 0
naming_6%16, pending tasks: 0
naming_7%16, pending tasks: 0
naming_8%16, pending tasks: 0
naming_9%16, pending tasks: 0
naming_10%16, pending tasks: 0
naming_11%16, pending tasks: 0
naming_12%16, pending tasks: 0
naming_13%16, pending tasks: 0
naming_14%16, pending tasks: 0
naming_15%16, pending tasks: 0


2024-01-08 19:10:36,187 INFO DISTRO:|0|0|0|

2024-01-08 19:11:36,187 INFO PERFORMANCE:|0|0|0|-1|-1|0|0

2024-01-08 19:11:36,187 INFO Task worker status: 
naming_0%16, pending tasks: 0
naming_1%16, pending tasks: 0
naming_2%16, pending tasks: 0
naming_3%16, pending tasks: 0
naming_4%16, pending tasks: 0
naming_5%16, pending tasks: 0
naming_6%16, pending tasks: 0
naming_7%16, pending tasks: 0
naming_8%16, pending tasks: 0
naming_9%16, pending tasks: 0
naming_10%16, pending tasks: 0
naming_11%16, pending tasks: 0
naming_12%16, pending tasks: 0
naming_13%16, pending tasks: 0
naming_14%16, pending tasks: 0
naming_15%16, pending tasks: 0


2024-01-08 19:11:36,188 INFO DISTRO:|0|0|0|

2024-01-08 19:12:36,188 INFO PERFORMANCE:|0|0|0|-1|-1|0|0

2024-01-08 19:12:36,189 INFO Task worker status: 
naming_0%16, pending tasks: 0
naming_1%16, pending tasks: 0
naming_2%16, pending tasks: 0
naming_3%16, pending tasks: 0
naming_4%16, pending tasks: 0
naming_5%16, pending tasks: 0
naming_6%16, pending tasks: 0
naming_7%16, pending tasks: 0
naming_8%16, pending tasks: 0
naming_9%16, pending tasks: 0
naming_10%16, pending tasks: 0
naming_11%16, pending tasks: 0
naming_12%16, pending tasks: 0
naming_13%16, pending tasks: 0
naming_14%16, pending tasks: 0
naming_15%16, pending tasks: 0


2024-01-08 19:12:36,189 INFO DISTRO:|0|0|0|

2024-01-08 19:13:36,190 INFO PERFORMANCE:|0|0|0|-1|-1|0|0

2024-01-08 19:13:36,190 INFO Task worker status: 
naming_0%16, pending tasks: 0
naming_1%16, pending tasks: 0
naming_2%16, pending tasks: 0
naming_3%16, pending tasks: 0
naming_4%16, pending tasks: 0
naming_5%16, pending tasks: 0
naming_6%16, pending tasks: 0
naming_7%16, pending tasks: 0
naming_8%16, pending tasks: 0
naming_9%16, pending tasks: 0
naming_10%16, pending tasks: 0
naming_11%16, pending tasks: 0
naming_12%16, pending tasks: 0
naming_13%16, pending tasks: 0
naming_14%16, pending tasks: 0
naming_15%16, pending tasks: 0


2024-01-08 19:13:36,190 INFO DISTRO:|0|0|0|

2024-01-08 19:14:36,191 INFO PERFORMANCE:|0|0|0|-1|-1|0|0

2024-01-08 19:14:36,191 INFO Task worker status: 
naming_0%16, pending tasks: 0
naming_1%16, pending tasks: 0
naming_2%16, pending tasks: 0
naming_3%16, pending tasks: 0
naming_4%16, pending tasks: 0
naming_5%16, pending tasks: 0
naming_6%16, pending tasks: 0
naming_7%16, pending tasks: 0
naming_8%16, pending tasks: 0
naming_9%16, pending tasks: 0
naming_10%16, pending tasks: 0
naming_11%16, pending tasks: 0
naming_12%16, pending tasks: 0
naming_13%16, pending tasks: 0
naming_14%16, pending tasks: 0
naming_15%16, pending tasks: 0


2024-01-08 19:14:36,192 INFO DISTRO:|0|0|0|

2024-01-08 19:15:36,192 INFO PERFORMANCE:|0|0|0|-1|-1|0|0

2024-01-08 19:15:36,193 INFO Task worker status: 
naming_0%16, pending tasks: 0
naming_1%16, pending tasks: 0
naming_2%16, pending tasks: 0
naming_3%16, pending tasks: 0
naming_4%16, pending tasks: 0
naming_5%16, pending tasks: 0
naming_6%16, pending tasks: 0
naming_7%16, pending tasks: 0
naming_8%16, pending tasks: 0
naming_9%16, pending tasks: 0
naming_10%16, pending tasks: 0
naming_11%16, pending tasks: 0
naming_12%16, pending tasks: 0
naming_13%16, pending tasks: 0
naming_14%16, pending tasks: 0
naming_15%16, pending tasks: 0


2024-01-08 19:15:36,193 INFO DISTRO:|0|0|0|

