2024-01-08 17:28:00,090 INFO [ClientConnectionEventListenerRegistry] registry listener - ConnectionBasedClientManager

2024-01-08 17:28:11,095 INFO [ClientConnectionEventListenerRegistry] registry listener - ConnectionBasedClientManager

2024-01-08 17:28:22,283 INFO [ClientConnectionEventListenerRegistry] registry listener - ConnectionBasedClientManager

2024-01-08 17:28:31,935 INFO [ClientConnectionEventListenerRegistry] registry listener - ConnectionBasedClientManager

2024-01-08 17:28:41,633 INFO [ClientConnectionEventListenerRegistry] registry listener - ConnectionBasedClientManager

2024-01-08 17:28:51,588 INFO [ClientConnectionEventListenerRegistry] registry listener - ConnectionBasedClientManager

2024-01-08 17:29:01,802 INFO [ClientConnectionEventListenerRegistry] registry listener - ConnectionBasedClientManager

2024-01-08 17:29:13,023 INFO [ClientConnectionEventListenerRegistry] registry listener - ConnectionBasedClientManager

2024-01-08 17:29:25,750 INFO [ClientConnectionEventListenerRegistry] registry listener - ConnectionBasedClientManager

2024-01-08 17:29:41,645 INFO [ClientConnectionEventListenerRegistry] registry listener - ConnectionBasedClientManager

2024-01-08 17:30:03,915 INFO [ClientConnectionEventListenerRegistry] registry listener - ConnectionBasedClientManager

2024-01-08 17:30:38,982 INFO [ClientConnectionEventListenerRegistry] registry listener - ConnectionBasedClientManager

2024-01-08 17:34:40,479 INFO [ClientConnectionEventListenerRegistry] registry listener - ConnectionBasedClientManager

2024-01-08 17:34:50,229 INFO [ClientConnectionEventListenerRegistry] registry listener - ConnectionBasedClientManager

2024-01-08 17:34:59,925 INFO [ClientConnectionEventListenerRegistry] registry listener - ConnectionBasedClientManager

2024-01-08 17:35:09,792 INFO [ClientConnectionEventListenerRegistry] registry listener - ConnectionBasedClientManager

2024-01-08 17:35:20,001 INFO [ClientConnectionEventListenerRegistry] registry listener - ConnectionBasedClientManager

2024-01-08 17:35:31,221 INFO [ClientConnectionEventListenerRegistry] registry listener - ConnectionBasedClientManager

2024-01-08 17:35:44,096 INFO [ClientConnectionEventListenerRegistry] registry listener - ConnectionBasedClientManager

2024-01-08 17:38:33,973 INFO [ClientConnectionEventListenerRegistry] registry listener - ConnectionBasedClientManager

2024-01-08 17:38:43,770 INFO [ClientConnectionEventListenerRegistry] registry listener - ConnectionBasedClientManager

2024-01-08 17:41:39,201 INFO [ClientConnectionEventListenerRegistry] registry listener - ConnectionBasedClientManager

2024-01-08 17:41:49,071 INFO [ClientConnectionEventListenerRegistry] registry listener - ConnectionBasedClientManager

2024-01-08 17:41:58,949 INFO [ClientConnectionEventListenerRegistry] registry listener - ConnectionBasedClientManager

2024-01-08 17:54:12,652 INFO [ClientConnectionEventListenerRegistry] registry listener - ConnectionBasedClientManager

2024-01-08 17:54:22,490 INFO [ClientConnectionEventListenerRegistry] registry listener - ConnectionBasedClientManager

2024-01-08 17:54:32,299 INFO [ClientConnectionEventListenerRegistry] registry listener - ConnectionBasedClientManager

2024-01-08 17:54:42,252 INFO [ClientConnectionEventListenerRegistry] registry listener - ConnectionBasedClientManager

2024-01-08 17:54:52,794 INFO [ClientConnectionEventListenerRegistry] registry listener - ConnectionBasedClientManager

2024-01-08 17:55:04,154 INFO [ClientConnectionEventListenerRegistry] registry listener - ConnectionBasedClientManager

2024-01-08 18:10:06,740 INFO [ClientConnectionEventListenerRegistry] registry listener - ConnectionBasedClientManager

2024-01-08 18:10:16,516 INFO [ClientConnectionEventListenerRegistry] registry listener - ConnectionBasedClientManager

2024-01-08 18:10:26,510 INFO [ClientConnectionEventListenerRegistry] registry listener - ConnectionBasedClientManager

2024-01-08 18:10:36,537 INFO [ClientConnectionEventListenerRegistry] registry listener - ConnectionBasedClientManager

2024-01-08 18:10:46,934 INFO [ClientConnectionEventListenerRegistry] registry listener - ConnectionBasedClientManager

2024-01-08 18:10:58,165 INFO [ClientConnectionEventListenerRegistry] registry listener - ConnectionBasedClientManager

2024-01-08 18:11:11,018 INFO [ClientConnectionEventListenerRegistry] registry listener - ConnectionBasedClientManager

2024-01-08 18:11:26,952 INFO [ClientConnectionEventListenerRegistry] registry listener - ConnectionBasedClientManager

2024-01-08 18:11:49,280 INFO [ClientConnectionEventListenerRegistry] registry listener - ConnectionBasedClientManager

2024-01-08 18:12:24,424 INFO [ClientConnectionEventListenerRegistry] registry listener - ConnectionBasedClientManager

2024-01-08 18:13:25,149 INFO [ClientConnectionEventListenerRegistry] registry listener - ConnectionBasedClientManager

2024-01-08 18:14:34,658 INFO [ClientConnectionEventListenerRegistry] registry listener - ConnectionBasedClientManager

2024-01-08 18:15:44,154 INFO [ClientConnectionEventListenerRegistry] registry listener - ConnectionBasedClientManager

2024-01-08 18:16:53,640 INFO [ClientConnectionEventListenerRegistry] registry listener - ConnectionBasedClientManager

2024-01-08 18:17:38,058 INFO [ClientConnectionEventListenerRegistry] registry listener - ConnectionBasedClientManager

2024-01-08 18:17:47,823 INFO [ClientConnectionEventListenerRegistry] registry listener - ConnectionBasedClientManager

2024-01-08 18:17:57,595 INFO [ClientConnectionEventListenerRegistry] registry listener - ConnectionBasedClientManager

2024-01-08 18:18:07,387 INFO [ClientConnectionEventListenerRegistry] registry listener - ConnectionBasedClientManager

2024-01-08 18:18:17,658 INFO [ClientConnectionEventListenerRegistry] registry listener - ConnectionBasedClientManager

2024-01-08 18:18:28,710 INFO [ClientConnectionEventListenerRegistry] registry listener - ConnectionBasedClientManager

2024-01-08 18:18:41,385 INFO [ClientConnectionEventListenerRegistry] registry listener - ConnectionBasedClientManager

2024-01-08 18:18:57,178 INFO [ClientConnectionEventListenerRegistry] registry listener - ConnectionBasedClientManager

2024-01-08 18:19:19,656 INFO [ClientConnectionEventListenerRegistry] registry listener - ConnectionBasedClientManager

2024-01-08 18:19:54,695 INFO [ClientConnectionEventListenerRegistry] registry listener - ConnectionBasedClientManager

2024-01-08 18:20:55,741 INFO [ClientConnectionEventListenerRegistry] registry listener - ConnectionBasedClientManager

2024-01-08 18:22:26,920 INFO [ClientConnectionEventListenerRegistry] registry listener - ConnectionBasedClientManager

2024-01-08 18:22:36,687 INFO [ClientConnectionEventListenerRegistry] registry listener - ConnectionBasedClientManager

2024-01-08 18:22:46,334 INFO [ClientConnectionEventListenerRegistry] registry listener - ConnectionBasedClientManager

2024-01-08 18:22:56,098 INFO [ClientConnectionEventListenerRegistry] registry listener - ConnectionBasedClientManager

2024-01-08 18:23:06,234 INFO [ClientConnectionEventListenerRegistry] registry listener - ConnectionBasedClientManager

2024-01-08 18:23:17,836 INFO [ClientConnectionEventListenerRegistry] registry listener - ConnectionBasedClientManager

2024-01-08 18:23:30,592 INFO [ClientConnectionEventListenerRegistry] registry listener - ConnectionBasedClientManager

2024-01-08 18:23:46,636 INFO [ClientConnectionEventListenerRegistry] registry listener - ConnectionBasedClientManager

2024-01-08 18:35:00,835 INFO [ClientConnectionEventListenerRegistry] registry listener - ConnectionBasedClientManager

2024-01-08 18:35:10,777 INFO [ClientConnectionEventListenerRegistry] registry listener - ConnectionBasedClientManager

2024-01-08 18:35:20,604 INFO [ClientConnectionEventListenerRegistry] registry listener - ConnectionBasedClientManager

2024-01-08 18:35:30,696 INFO [ClientConnectionEventListenerRegistry] registry listener - ConnectionBasedClientManager

2024-01-08 18:37:29,950 INFO [ClientConnectionEventListenerRegistry] registry listener - ConnectionBasedClientManager

2024-01-08 18:37:33,246 INFO [ClientConnectionEventListenerRegistry] registry listener - ConfigConnectionEventListener

2024-01-08 18:37:33,299 INFO [ClientConnectionEventListenerRegistry] registry listener - RpcAckCallbackInitorOrCleaner

2024-01-08 18:37:33,314 INFO Nacos GrpcSdkServer Rpc server starting at port 9848

2024-01-08 18:37:33,440 INFO Load ProtocolNegotiatorBuilder com.alibaba.nacos.core.remote.grpc.negotiator.tls.DefaultTlsProtocolNegotiatorBuilder for type DEFAULT_TLS

2024-01-08 18:37:33,442 DEBUG TLS configuration is empty, use default value

2024-01-08 18:37:33,473 INFO Nacos Rpc server tls config:{"sslProvider":"","enableTls":false,"mutualAuthEnable":false,"trustAll":false,"sslContextRefresher":"","compatibility":true}

2024-01-08 18:37:33,474 WARN Recommended use 'nacos.remote.server.grpc.sdk.max-inbound-message-size' property instead 'nacos.remote.server.grpc.maxinbound.message.size', now property value is 10485760

2024-01-08 18:37:33,627 INFO Nacos Rpc server tls config:{"sslProvider":"","enableTls":false,"mutualAuthEnable":false,"trustAll":false,"sslContextRefresher":"","compatibility":true}

2024-01-08 18:37:33,628 INFO No RpcServerSslContextRefresher specified,Ssl Context auto refresh not supported.

2024-01-08 18:37:33,628 INFO RpcServerSslContextRefresher init end

2024-01-08 18:37:33,628 INFO Nacos GrpcSdkServer Rpc server started at port 9848

2024-01-08 18:37:33,631 INFO Nacos GrpcClusterServer Rpc server starting at port 9849

2024-01-08 18:37:33,632 WARN Recommended use 'nacos.remote.server.grpc.cluster.max-inbound-message-size' property instead 'nacos.remote.server.grpc.maxinbound.message.size', now property value is 10485760

2024-01-08 18:37:33,635 INFO Nacos GrpcClusterServer Rpc server started at port 9849

2024-01-08 18:37:42,642 INFO Nacos GrpcClusterServer Rpc server stopping

2024-01-08 18:37:42,642 INFO Nacos GrpcSdkServer Rpc server stopping

2024-01-08 18:37:42,653 INFO Nacos GrpcSdkServer Rpc server stopped successfully...

2024-01-08 18:37:42,653 INFO Nacos GrpcClusterServer Rpc server stopped successfully...

2024-01-08 18:38:04,501 INFO [ClientConnectionEventListenerRegistry] registry listener - ConnectionBasedClientManager

2024-01-08 18:38:05,723 INFO [ClientConnectionEventListenerRegistry] registry listener - ConfigConnectionEventListener

2024-01-08 18:38:05,769 INFO [ClientConnectionEventListenerRegistry] registry listener - RpcAckCallbackInitorOrCleaner

2024-01-08 18:38:05,786 INFO Nacos GrpcSdkServer Rpc server starting at port 9848

2024-01-08 18:38:05,915 INFO Load ProtocolNegotiatorBuilder com.alibaba.nacos.core.remote.grpc.negotiator.tls.DefaultTlsProtocolNegotiatorBuilder for type DEFAULT_TLS

2024-01-08 18:38:05,917 DEBUG TLS configuration is empty, use default value

2024-01-08 18:38:05,959 INFO Nacos Rpc server tls config:{"sslProvider":"","enableTls":false,"mutualAuthEnable":false,"trustAll":false,"sslContextRefresher":"","compatibility":true}

2024-01-08 18:38:05,960 WARN Recommended use 'nacos.remote.server.grpc.sdk.max-inbound-message-size' property instead 'nacos.remote.server.grpc.maxinbound.message.size', now property value is 10485760

2024-01-08 18:38:06,100 INFO Nacos Rpc server tls config:{"sslProvider":"","enableTls":false,"mutualAuthEnable":false,"trustAll":false,"sslContextRefresher":"","compatibility":true}

2024-01-08 18:38:06,101 INFO No RpcServerSslContextRefresher specified,Ssl Context auto refresh not supported.

2024-01-08 18:38:06,101 INFO RpcServerSslContextRefresher init end

2024-01-08 18:38:06,101 INFO Nacos GrpcSdkServer Rpc server started at port 9848

2024-01-08 18:38:06,104 INFO Nacos GrpcClusterServer Rpc server starting at port 9849

2024-01-08 18:38:06,105 WARN Recommended use 'nacos.remote.server.grpc.cluster.max-inbound-message-size' property instead 'nacos.remote.server.grpc.maxinbound.message.size', now property value is 10485760

2024-01-08 18:38:06,107 INFO Nacos GrpcClusterServer Rpc server started at port 9849

